<?xml version="1.0" encoding="UTF-8" ?>
<testsuites id="2026-07-05" name="report_64" tests="11" failures="1" skipped="0" flaky="0" time="0.000">
	<testsuite id="0" name="MissionSceneResolverCatalogTest" package="tests/mission_authoring" timestamp="2026-07-06T00:13:16" hostname="localhost" tests="4" failures="0" errors="0" skipped="0" flaky="0" time="0.160">
		<testcase name="test_existing_playable_iso_catalog_entries_resolve" classname="MissionSceneResolverCatalogTest" time="0.015">
		</testcase>
		<testcase name="test_unknown_mission_falls_back_to_game_state_default" classname="MissionSceneResolverCatalogTest" time="0.018">
		</testcase>
		<testcase name="test_temporary_catalog_playable_iso_scene_resolves_without_resolver_edit" classname="MissionSceneResolverCatalogTest" time="0.027">
		</testcase>
		<testcase name="test_resolution_report_warns_on_missing_playable_iso_scene" classname="MissionSceneResolverCatalogTest" time="0.017">
		</testcase>
	</testsuite>
	<testsuite id="1" name="MilestoneAAuthoringRuntimeDegateTest" package="tests/mission_authoring" timestamp="2026-07-06T00:13:16" hostname="localhost" tests="2" failures="1" errors="0" skipped="0" flaky="0" time="0.434">
		<testcase name="test_non_taco_security_root_builds_router_and_authored_beam" classname="MilestoneAAuthoringRuntimeDegateTest" time="0.385">
			<failure message="FAILED: res://tests/mission_authoring/MilestoneAAuthoringRuntimeDegateTest.gd:29" type="FAILURE">
<![CDATA[
Expecting:
 '1'
 but was
 '2'
	at 'test_non_taco_security_root_builds_router_and_authored_beam' in res://tests/mission_authoring/MilestoneAAuthoringRuntimeDegateTest.gd:29
]]>
			</failure>
		</testcase>
	</testsuite>
	<testsuite id="2" name="MilestoneAThinAuthorablesTest" package="tests/mission_authoring" timestamp="2026-07-06T00:13:17" hostname="localhost" tests="5" failures="0" errors="0" skipped="0" flaky="0" time="0.276">
		<testcase name="test_player_start_marker_matches_existing_spawn_authoring_convention" classname="MilestoneAThinAuthorablesTest" time="0.039">
		</testcase>
		<testcase name="test_teleport_zone_moves_player_and_applies_effect_after_requirements" classname="MilestoneAThinAuthorablesTest" time="0.022">
		</testcase>
		<testcase name="test_teleport_zone_blocks_when_requirements_fail" classname="MilestoneAThinAuthorablesTest" time="0.017">
		</testcase>
		<testcase name="test_teleport_zone_missing_target_is_safe" classname="MilestoneAThinAuthorablesTest" time="0.017">
		</testcase>
		<testcase name="test_music_trigger_zone_requests_audio_manager_and_restores_on_exit" classname="MilestoneAThinAuthorablesTest" time="0.027">
		</testcase>
	</testsuite>
</testsuites>
