<?xml version="1.0" encoding="UTF-8" ?>
<testsuites id="2026-07-05" name="report_61" tests="16" failures="0" skipped="0" flaky="0" time="0.000">
	<testsuite id="0" name="CornerStoreCashoutProductionSkeletonTest" package="tests/mission_authoring" timestamp="2026-07-05T12:57:23" hostname="localhost" tests="12" failures="0" errors="0" skipped="0" flaky="0" time="3.611">
		<testcase name="test_scene_loads_with_expected_structure" classname="CornerStoreCashoutProductionSkeletonTest" time="3.473">
		</testcase>
		<testcase name="test_mission_catalog_resolves_playable_scene" classname="CornerStoreCashoutProductionSkeletonTest" time="0.008">
		</testcase>
		<testcase name="test_bridge_scope_is_safe" classname="CornerStoreCashoutProductionSkeletonTest" time="0.006">
		</testcase>
		<testcase name="test_core_objective_flag_chain_updates_controller" classname="CornerStoreCashoutProductionSkeletonTest" time="0.005">
		</testcase>
		<testcase name="test_locked_office_door_blocks_before_badge_requirement" classname="CornerStoreCashoutProductionSkeletonTest" time="0.006">
		</testcase>
		<testcase name="test_route_unlock_and_side_objective_nodes_exist" classname="CornerStoreCashoutProductionSkeletonTest" time="0.006">
		</testcase>
		<testcase name="test_extraction_blocks_before_required_objectives" classname="CornerStoreCashoutProductionSkeletonTest" time="0.006">
		</testcase>
		<testcase name="test_route_choice_locks_competitors" classname="CornerStoreCashoutProductionSkeletonTest" time="0.010">
		</testcase>
		<testcase name="test_encounter_route_summary_contains_route_labels" classname="CornerStoreCashoutProductionSkeletonTest" time="0.009">
		</testcase>
		<testcase name="test_taco_completion_unlocks_corner_store_in_game_state" classname="CornerStoreCashoutProductionSkeletonTest" time="0.007">
		</testcase>
		<testcase name="test_completion_bridge_finds_runtime_helpers_mission_controller" classname="CornerStoreCashoutProductionSkeletonTest" time="0.010">
		</testcase>
		<testcase name="test_scene_includes_debug_proof_harness" classname="CornerStoreCashoutProductionSkeletonTest" time="0.014">
		</testcase>
	</testsuite>
	<testsuite id="1" name="MissionCompletionBridgeTest" package="tests/mission_authoring" timestamp="2026-07-05T12:57:26" hostname="localhost" tests="4" failures="0" errors="0" skipped="0" flaky="0" time="0.059">
		<testcase name="test_request_complete_uses_game_state_fallback" classname="MissionCompletionBridgeTest" time="0.007">
		</testcase>
		<testcase name="test_request_fail_uses_game_state_fallback" classname="MissionCompletionBridgeTest" time="0.009">
		</testcase>
		<testcase name="test_missing_mission_id_fails_cleanly" classname="MissionCompletionBridgeTest" time="0.010">
		</testcase>
		<testcase name="test_request_mission_fail_effect_routes_through_applier" classname="MissionCompletionBridgeTest" time="0.010">
		</testcase>
	</testsuite>
</testsuites>
