<?xml version="1.0" encoding="UTF-8" ?>
<testsuites id="2026-07-13" name="report_2" tests="24" failures="0" skipped="0" flaky="0" time="0.000">
	<testsuite id="0" name="VelvetPawJazzClubRuntimeQATest" package="tests/mission_authoring" timestamp="2026-07-13T21:34:54" hostname="localhost" tests="14" failures="0" errors="0" skipped="0" flaky="0" time="8.063">
		<testcase name="test_return_teleport_path_resolves_detached_to_exact_zone" classname="VelvetPawJazzClubRuntimeQATest" time="1.850">
		</testcase>
		<testcase name="test_return_without_shard_cannot_set_hostile_state" classname="VelvetPawJazzClubRuntimeQATest" time="0.688">
		</testcase>
		<testcase name="test_real_shard_pickup_and_return_teleport_set_hostile_and_advance_objective" classname="VelvetPawJazzClubRuntimeQATest" time="0.328">
		</testcase>
		<testcase name="test_three_complete_runtime_cycles_are_fresh_deterministic_and_orphan_free" classname="VelvetPawJazzClubRuntimeQATest" time="1.172">
		</testcase>
		<testcase name="test_critical_route_obeys_requirements_and_physical_blockers" classname="VelvetPawJazzClubRuntimeQATest" time="0.424">
		</testcase>
		<testcase name="test_vip_front_inspection_opens_dynamic_rope_and_front_entry" classname="VelvetPawJazzClubRuntimeQATest" time="0.365">
		</testcase>
		<testcase name="test_side_door_entry_starts_floor_music_in_normal_alert_state" classname="VelvetPawJazzClubRuntimeQATest" time="0.311">
		</testcase>
		<testcase name="test_right_edge_of_staff_door_physically_starts_audible_bus_music" classname="VelvetPawJazzClubRuntimeQATest" time="0.334">
		</testcase>
		<testcase name="test_bar_cover_three_tables_vip_phone_and_inventory_progress_in_order" classname="VelvetPawJazzClubRuntimeQATest" time="0.394">
		</testcase>
		<testcase name="test_f12_velvet_security_controls_drive_heat_alert_and_hostile_states" classname="VelvetPawJazzClubRuntimeQATest" time="0.359">
		</testcase>
		<testcase name="test_unparked_bentley_vip_camera_requires_completed_countdown_before_response" classname="VelvetPawJazzClubRuntimeQATest" time="0.376">
		</testcase>
		<testcase name="test_vip_polaroid_requires_protocol_only" classname="VelvetPawJazzClubRuntimeQATest" time="0.314">
		</testcase>
		<testcase name="test_room_visibility_only_reveals_the_players_current_area" classname="VelvetPawJazzClubRuntimeQATest" time="0.328">
		</testcase>
		<testcase name="test_runtime_camera_patrol_spawn_targets_art_and_overlay_contract" classname="VelvetPawJazzClubRuntimeQATest" time="0.352">
		</testcase>
	</testsuite>
	<testsuite id="1" name="VelvetCameraDetectionPolicyTest" package="tests/mission_authoring" timestamp="2026-07-13T21:35:02" hostname="localhost" tests="10" failures="0" errors="0" skipped="0" flaky="0" time="0.866">
		<testcase name="test_default_camera_policy_preserves_always_detect_behavior" classname="VelvetCameraDetectionPolicyTest" time="0.030">
		</testcase>
		<testcase name="test_velvet_normal_heat_requires_action_and_theft_respects_concealment" classname="VelvetCameraDetectionPolicyTest" time="0.033">
		</testcase>
		<testcase name="test_raised_initial_posture_and_reset_clear_actions" classname="VelvetCameraDetectionPolicyTest" time="0.031">
		</testcase>
		<testcase name="test_hold_interaction_registers_and_clears_camera_suspicion" classname="VelvetCameraDetectionPolicyTest" time="0.050">
		</testcase>
		<testcase name="test_forced_stealth_sources_preserve_manual_stealth_and_hide_spot_source" classname="VelvetCameraDetectionPolicyTest" time="0.078">
		</testcase>
		<testcase name="test_camera_author_passes_los_occlusion_configuration" classname="VelvetCameraDetectionPolicyTest" time="0.033">
		</testcase>
		<testcase name="test_camera_queries_controller_before_accumulating" classname="VelvetCameraDetectionPolicyTest" time="0.045">
		</testcase>
		<testcase name="test_movement_sensitive_camera_freezes_exposure_while_stationary" classname="VelvetCameraDetectionPolicyTest" time="0.040">
		</testcase>
		<testcase name="test_minimum_exposure_drains_ring_for_six_seconds_before_detection" classname="VelvetCameraDetectionPolicyTest" time="0.041">
		</testcase>
		<testcase name="test_wall_blocks_los_and_clips_visible_cone" classname="VelvetCameraDetectionPolicyTest" time="0.034">
		</testcase>
	</testsuite>
</testsuites>
