<?xml version="1.0" encoding="UTF-8" ?>
<testsuites id="2026-07-12" name="report_1" tests="34" failures="1" skipped="0" flaky="0" time="0.000">
	<testsuite id="0" name="VelvetPawJazzClubProductionSkeletonTest" package="tests/mission_authoring" timestamp="2026-07-12T15:41:50" hostname="localhost" tests="19" failures="1" errors="0" skipped="0" flaky="0" time="7.919">
		<testcase name="test_scene_loads_and_instantiates" classname="VelvetPawJazzClubProductionSkeletonTest" time="2.262">
		</testcase>
		<testcase name="test_mission_catalog_resolves_playable_scene" classname="VelvetPawJazzClubProductionSkeletonTest" time="0.051">
		</testcase>
		<testcase name="test_blueprint_coverage_is_complete" classname="VelvetPawJazzClubProductionSkeletonTest" time="0.167">
		</testcase>
		<testcase name="test_representative_stubs_match_blueprint_contract" classname="VelvetPawJazzClubProductionSkeletonTest" time="0.155">
		</testcase>
		<testcase name="test_persisted_layout_and_contract" classname="VelvetPawJazzClubProductionSkeletonTest" time="0.759">
		</testcase>
		<testcase name="test_detached_forward_sync_matches_complete_union_and_preserves_sources" classname="VelvetPawJazzClubProductionSkeletonTest" time="0.517">
		</testcase>
		<testcase name="test_mission_controller_rehides_blockout_layers_if_scene_visibility_drifts" classname="VelvetPawJazzClubProductionSkeletonTest" time="0.142">
		</testcase>
		<testcase name="test_dynamic_blocker_blueprint_contract_is_exact" classname="VelvetPawJazzClubProductionSkeletonTest" time="0.030">
		</testcase>
		<testcase name="test_dynamic_blocker_hierarchy_geometry_and_detached_paths" classname="VelvetPawJazzClubProductionSkeletonTest" time="0.124">
		</testcase>
		<testcase name="test_dynamic_blockers_gate_unlocks_and_fresh_scene_restores" classname="VelvetPawJazzClubProductionSkeletonTest" time="1.254">
		</testcase>
		<testcase name="test_full_startup_forward_sync_and_phase3a_teardown_are_clean" classname="VelvetPawJazzClubProductionSkeletonTest" time="1.173">
		</testcase>
		<testcase name="test_staff_gate_requirement_blocks_then_passes" classname="VelvetPawJazzClubProductionSkeletonTest" time="0.156">
		</testcase>
		<testcase name="test_staff_badge_soft_voicemail_dependency_is_authored" classname="VelvetPawJazzClubProductionSkeletonTest" time="0.112">
		</testcase>
		<testcase name="test_extraction_requires_flags_and_objectives" classname="VelvetPawJazzClubProductionSkeletonTest" time="0.142">
		</testcase>
		<testcase name="test_teleport_and_patrol_links_resolve" classname="VelvetPawJazzClubProductionSkeletonTest" time="0.160">
			<failure message="FAILED: res://tests/mission_authoring/VelvetPawJazzClubProductionSkeletonTest.gd:311" type="FAILURE">
<![CDATA[
Expecting:
 '2'
 but was
 '6'
	at 'test_teleport_and_patrol_links_resolve' in res://tests/mission_authoring/VelvetPawJazzClubProductionSkeletonTest.gd:311
]]>
			</failure>
		</testcase>
	</testsuite>
	<testsuite id="1" name="VelvetPawJazzClubRuntimeQATest" package="tests/mission_authoring" timestamp="2026-07-12T15:41:58" hostname="localhost" tests="8" failures="0" errors="0" skipped="0" flaky="0" time="4.013">
		<testcase name="test_return_teleport_path_resolves_detached_to_exact_zone" classname="VelvetPawJazzClubRuntimeQATest" time="0.132">
		</testcase>
		<testcase name="test_return_without_shard_cannot_set_hostile_state" classname="VelvetPawJazzClubRuntimeQATest" time="0.330">
		</testcase>
		<testcase name="test_real_shard_pickup_and_return_teleport_set_hostile_and_advance_objective" classname="VelvetPawJazzClubRuntimeQATest" time="0.332">
		</testcase>
		<testcase name="test_three_complete_runtime_cycles_are_fresh_deterministic_and_orphan_free" classname="VelvetPawJazzClubRuntimeQATest" time="1.188">
		</testcase>
		<testcase name="test_critical_route_obeys_requirements_and_physical_blockers" classname="VelvetPawJazzClubRuntimeQATest" time="0.429">
		</testcase>
		<testcase name="test_vip_front_inspection_opens_dynamic_rope_and_front_entry" classname="VelvetPawJazzClubRuntimeQATest" time="0.495">
		</testcase>
		<testcase name="test_room_visibility_only_reveals_the_players_current_area" classname="VelvetPawJazzClubRuntimeQATest" time="0.411">
		</testcase>
		<testcase name="test_runtime_camera_patrol_spawn_targets_art_and_overlay_contract" classname="VelvetPawJazzClubRuntimeQATest" time="0.347">
		</testcase>
	</testsuite>
	<testsuite id="2" name="VelvetPawRouteComponent1Test" package="tests/mission_authoring" timestamp="2026-07-12T15:42:02" hostname="localhost" tests="4" failures="0" errors="0" skipped="0" flaky="0" time="0.868">
		<testcase name="test_route_component_runtime_helpers_and_front_contract_are_authored" classname="VelvetPawRouteComponent1Test" time="0.133">
		</testcase>
		<testcase name="test_front_inspection_requires_both_vip_facts_and_opens_rope" classname="VelvetPawRouteComponent1Test" time="0.126">
		</testcase>
		<testcase name="test_front_rejection_is_timed_non_manual_and_skipped_for_vip" classname="VelvetPawRouteComponent1Test" time="0.118">
		</testcase>
		<testcase name="test_eavesdrop_phone_and_dead_drop_present_and_transfer_information" classname="VelvetPawRouteComponent1Test" time="0.279">
		</testcase>
	</testsuite>
	<testsuite id="3" name="VelvetPawRouteComponent2Test" package="tests/mission_authoring" timestamp="2026-07-12T15:42:03" hostname="localhost" tests="3" failures="0" errors="0" skipped="0" flaky="0" time="0.994">
		<testcase name="test_component_2_authoring_contract_is_wired" classname="VelvetPawRouteComponent2Test" time="0.124">
		</testcase>
		<testcase name="test_component_2_security_authors_are_runtime_ready" classname="VelvetPawRouteComponent2Test" time="0.148">
		</testcase>
		<testcase name="test_component_2_dev_overlay_is_created_by_controller" classname="VelvetPawRouteComponent2Test" time="0.583">
		</testcase>
	</testsuite>
</testsuites>
