<?xml version="1.0" encoding="UTF-8" ?>
<testsuites id="2026-07-12" name="report_1" tests="6" failures="0" skipped="0" flaky="0" time="0.000">
	<testsuite id="0" name="VelvetPawRouteComponent2Test" package="tests/mission_authoring" timestamp="2026-07-12T13:45:20" hostname="localhost" tests="3" failures="0" errors="0" skipped="0" flaky="0" time="3.500">
		<testcase name="test_component_2_authoring_contract_is_wired" classname="VelvetPawRouteComponent2Test" time="2.355">
		</testcase>
		<testcase name="test_component_2_security_authors_are_runtime_ready" classname="VelvetPawRouteComponent2Test" time="0.194">
		</testcase>
		<testcase name="test_component_2_dev_overlay_is_created_by_controller" classname="VelvetPawRouteComponent2Test" time="0.830">
		</testcase>
	</testsuite>
	<testsuite id="1" name="VelvetPawVipDebugAccessTest" package="tests/mission_authoring" timestamp="2026-07-12T13:45:24" hostname="localhost" tests="3" failures="0" errors="0" skipped="0" flaky="0" time="0.249">
		<testcase name="test_targeted_removal_preserves_unrelated_social_state" classname="VelvetPawVipDebugAccessTest" time="0.014">
		</testcase>
		<testcase name="test_velvet_dropdown_applies_and_removes_only_vip_facts" classname="VelvetPawVipDebugAccessTest" time="0.059">
		</testcase>
		<testcase name="test_dropdown_visibility_and_initial_state_derive_from_current_mission_facts" classname="VelvetPawVipDebugAccessTest" time="0.042">
		</testcase>
	</testsuite>
</testsuites>
