<?xml version="1.0" encoding="UTF-8" ?>
<testsuites id="2026-07-11" name="report_1" tests="19" failures="1" skipped="0" flaky="0" time="0.000">
	<testsuite id="0" name="VelvetPawJazzClubProductionSkeletonTest" package="tests/mission_authoring" timestamp="2026-07-11T19:42:21" hostname="localhost" tests="19" failures="1" errors="0" skipped="0" flaky="0" time="8.003">
		<testcase name="test_scene_loads_and_instantiates" classname="VelvetPawJazzClubProductionSkeletonTest" time="2.283">
		</testcase>
		<testcase name="test_mission_catalog_resolves_playable_scene" classname="VelvetPawJazzClubProductionSkeletonTest" time="0.065">
		</testcase>
		<testcase name="test_blueprint_coverage_is_complete" classname="VelvetPawJazzClubProductionSkeletonTest" time="0.124">
		</testcase>
		<testcase name="test_representative_stubs_match_blueprint_contract" classname="VelvetPawJazzClubProductionSkeletonTest" time="0.153">
		</testcase>
		<testcase name="test_persisted_layout_and_contract" classname="VelvetPawJazzClubProductionSkeletonTest" time="0.811">
		</testcase>
		<testcase name="test_detached_forward_sync_matches_complete_union_and_preserves_sources" classname="VelvetPawJazzClubProductionSkeletonTest" time="0.442">
		</testcase>
		<testcase name="test_mission_controller_rehides_blockout_layers_if_scene_visibility_drifts" classname="VelvetPawJazzClubProductionSkeletonTest" time="0.122">
		</testcase>
		<testcase name="test_dynamic_blocker_blueprint_contract_is_exact" classname="VelvetPawJazzClubProductionSkeletonTest" time="0.053">
		</testcase>
		<testcase name="test_dynamic_blocker_hierarchy_geometry_and_detached_paths" classname="VelvetPawJazzClubProductionSkeletonTest" time="0.133">
		</testcase>
		<testcase name="test_dynamic_blockers_gate_unlocks_and_fresh_scene_restores" classname="VelvetPawJazzClubProductionSkeletonTest" time="0.977">
		</testcase>
		<testcase name="test_full_startup_forward_sync_and_phase3a_teardown_are_clean" classname="VelvetPawJazzClubProductionSkeletonTest" time="0.927">
		</testcase>
		<testcase name="test_staff_gate_requirement_blocks_then_passes" classname="VelvetPawJazzClubProductionSkeletonTest" time="0.153">
		</testcase>
		<testcase name="test_staff_badge_soft_voicemail_dependency_is_authored" classname="VelvetPawJazzClubProductionSkeletonTest" time="0.114">
		</testcase>
		<testcase name="test_extraction_requires_flags_and_objectives" classname="VelvetPawJazzClubProductionSkeletonTest" time="0.378">
		</testcase>
		<testcase name="test_teleport_and_patrol_links_resolve" classname="VelvetPawJazzClubProductionSkeletonTest" time="0.121">
		</testcase>
		<testcase name="test_setlist_requirement_and_effect_resources_are_live" classname="VelvetPawJazzClubProductionSkeletonTest" time="0.126">
		</testcase>
		<testcase name="test_dialogue_zones_have_fallback_text_or_key" classname="VelvetPawJazzClubProductionSkeletonTest" time="0.129">
		</testcase>
		<testcase name="test_required_dialogue_content_is_authored" classname="VelvetPawJazzClubProductionSkeletonTest" time="0.035">
			<failure message="FAILED: res://tests/mission_authoring/VelvetPawJazzClubProductionSkeletonTest.gd:367" type="FAILURE">
<![CDATA[
Expecting: 'true' but is 'false'
	at 'test_required_dialogue_content_is_authored' in res://tests/mission_authoring/VelvetPawJazzClubProductionSkeletonTest.gd:367
]]>
			</failure>
		</testcase>
	</testsuite>
</testsuites>
