<?xml version="1.0" encoding="UTF-8" ?>
<testsuites id="2026-07-05" name="report_55" tests="9" failures="2" skipped="0" flaky="0" time="0.000">
	<testsuite id="0" name="CornerStoreCashoutProductionSkeletonTest" package="tests/mission_authoring" timestamp="2026-07-05T04:09:26" hostname="localhost" tests="9" failures="2" errors="11" skipped="0" flaky="0" time="3.958">
		<testcase name="test_scene_loads_with_expected_structure" classname="CornerStoreCashoutProductionSkeletonTest" time="2.797">
			<error message="ERROR: res://tests/mission_authoring/CornerStoreCashoutProductionSkeletonTest.gd:22" type="ABORT">
<![CDATA[
Godot Runtime Error !
Error: 'Parse Error: Cannot infer the type of "mission_id" variable because the value doesn't have a set type.'
	at res://src/levels/IsoMissionBase.gd:5610
	at res://src/levels/IsoMissionBase.gd:173
	at res://tests/mission_authoring/CornerStoreCashoutProductionSkeletonTest.gd:22
]]>
			</error>
			<error message="ERROR: res://tests/mission_authoring/CornerStoreCashoutProductionSkeletonTest.gd:22" type="ABORT">
<![CDATA[
Godot Runtime Error !
Error: 'Compile Error: Failed to compile depended scripts.'
	at res://src/levels/IsoMissionBase.gd:5610
	at res://src/levels/IsoMissionBase.gd:173
	at res://tests/mission_authoring/CornerStoreCashoutProductionSkeletonTest.gd:22
]]>
			</error>
			<error message="ERROR: res://tests/mission_authoring/CornerStoreCashoutProductionSkeletonTest.gd:22" type="ABORT">
<![CDATA[
Godot Runtime Error !
Error: 'Compile Error: Failed to compile depended scripts.'
	at res://src/levels/IsoMissionBase.gd:5610
	at res://src/levels/IsoMissionBase.gd:173
	at res://tests/mission_authoring/CornerStoreCashoutProductionSkeletonTest.gd:22
]]>
			</error>
		</testcase>
		<testcase name="test_mission_catalog_resolves_playable_scene" classname="CornerStoreCashoutProductionSkeletonTest" time="0.048">
		</testcase>
		<testcase name="test_bridge_scope_is_safe" classname="CornerStoreCashoutProductionSkeletonTest" time="0.043">
		</testcase>
		<testcase name="test_core_objective_flag_chain_updates_controller" classname="CornerStoreCashoutProductionSkeletonTest" time="0.046">
			<error message="ERROR: res://tests/mission_authoring/CornerStoreCashoutProductionSkeletonTest.gd:51" type="ABORT">
<![CDATA[
Godot Runtime Error !
Error: 'Invalid call. Nonexistent 'String' constructor.'
	at res://src/missions/iso/runtime/CornerStoreCashoutMissionController.gd:60
	at res://tests/mission_authoring/CornerStoreCashoutProductionSkeletonTest.gd:51
]]>
			</error>
			<error message="ERROR: res://tests/mission_authoring/CornerStoreCashoutProductionSkeletonTest.gd:54" type="ABORT">
<![CDATA[
Godot Runtime Error !
Error: 'Invalid call. Nonexistent 'String' constructor.'
	at res://src/missions/iso/runtime/CornerStoreCashoutMissionController.gd:60
	at res://tests/mission_authoring/CornerStoreCashoutProductionSkeletonTest.gd:54
]]>
			</error>
			<error message="ERROR: res://tests/mission_authoring/CornerStoreCashoutProductionSkeletonTest.gd:57" type="ABORT">
<![CDATA[
Godot Runtime Error !
Error: 'Invalid call. Nonexistent 'String' constructor.'
	at res://src/missions/iso/runtime/CornerStoreCashoutMissionController.gd:60
	at res://tests/mission_authoring/CornerStoreCashoutProductionSkeletonTest.gd:57
]]>
			</error>
			<error message="ERROR: res://tests/mission_authoring/CornerStoreCashoutProductionSkeletonTest.gd:60" type="ABORT">
<![CDATA[
Godot Runtime Error !
Error: 'Invalid call. Nonexistent 'String' constructor.'
	at res://src/missions/iso/runtime/CornerStoreCashoutMissionController.gd:60
	at res://tests/mission_authoring/CornerStoreCashoutProductionSkeletonTest.gd:60
]]>
			</error>
			<error message="ERROR: res://tests/mission_authoring/CornerStoreCashoutProductionSkeletonTest.gd:60" type="ABORT">
<![CDATA[
Godot Runtime Error !
Error: 'Invalid call. Nonexistent 'String' constructor.'
	at res://src/missions/iso/runtime/CornerStoreCashoutMissionController.gd:60
]]>
			</error>
		</testcase>
		<testcase name="test_locked_office_door_blocks_before_badge_requirement" classname="CornerStoreCashoutProductionSkeletonTest" time="0.153">
			<error message="ERROR: res://tests/mission_authoring/CornerStoreCashoutProductionSkeletonTest.gd:60" type="ABORT">
<![CDATA[
Godot Runtime Error !
Error: 'Invalid call. Nonexistent 'String' constructor.'
	at res://src/missions/iso/runtime/CornerStoreCashoutMissionController.gd:60
]]>
			</error>
		</testcase>
		<testcase name="test_route_unlock_and_side_objective_nodes_exist" classname="CornerStoreCashoutProductionSkeletonTest" time="0.226">
			<error message="ERROR: res://tests/mission_authoring/CornerStoreCashoutProductionSkeletonTest.gd:60" type="ABORT">
<![CDATA[
Godot Runtime Error !
Error: 'Invalid call. Nonexistent 'String' constructor.'
	at res://src/missions/iso/runtime/CornerStoreCashoutMissionController.gd:60
]]>
			</error>
		</testcase>
		<testcase name="test_route_choice_locks_competitors" classname="CornerStoreCashoutProductionSkeletonTest" time="0.372">
			<error message="ERROR: res://tests/mission_authoring/CornerStoreCashoutProductionSkeletonTest.gd:60" type="ABORT">
<![CDATA[
Godot Runtime Error !
Error: 'Invalid call. Nonexistent 'String' constructor.'
	at res://src/missions/iso/runtime/CornerStoreCashoutMissionController.gd:60
]]>
			</error>
			<failure message="FAILED: res://tests/mission_authoring/CornerStoreCashoutProductionSkeletonTest.gd:99" type="FAILURE">
<![CDATA[
Expecting: 'true' but is 'false'
	at 'test_route_choice_locks_competitors' in res://tests/mission_authoring/CornerStoreCashoutProductionSkeletonTest.gd:99
]]>
			</failure>
			<failure message="FAILED: res://tests/mission_authoring/CornerStoreCashoutProductionSkeletonTest.gd:101" type="FAILURE">
<![CDATA[
Expecting: 'true' but is 'false'
	at 'test_route_choice_locks_competitors' in res://tests/mission_authoring/CornerStoreCashoutProductionSkeletonTest.gd:101
]]>
			</failure>
		</testcase>
	</testsuite>
</testsuites>
