<?xml version="1.0" encoding="UTF-8" ?>
<testsuites id="2026-07-13" name="report_130" tests="81" failures="4" skipped="0" flaky="0" time="0.000">
	<testsuite id="0" name="ControllerInputLayoutTest" package="tests/mission_authoring" timestamp="2026-07-14T01:03:08" hostname="localhost" tests="6" failures="0" errors="0" skipped="0" flaky="0" time="1.253">
		<testcase name="test_gamesir_xbox_layout_is_exact" classname="ControllerInputLayoutTest" time="0.026">
		</testcase>
		<testcase name="test_semantic_binding_labels_are_player_facing" classname="ControllerInputLayoutTest" time="0.035">
		</testcase>
		<testcase name="test_right_bumper_dispatches_the_existing_heavy_attack" classname="ControllerInputLayoutTest" time="0.750">
		</testcase>
		<testcase name="test_controller_poop_bag_targeting_aims_throws_and_cancels" classname="ControllerInputLayoutTest" time="0.058">
		</testcase>
		<testcase name="test_contextual_controller_feedback_survives_hud_refresh" classname="ControllerInputLayoutTest" time="0.070">
		</testcase>
		<testcase name="test_bentley_dpad_commands_ignore_blocking_ui" classname="ControllerInputLayoutTest" time="0.064">
		</testcase>
	</testsuite>
	<testsuite id="1" name="VelvetPawControllerCheckpointTest" package="tests/mission_authoring" timestamp="2026-07-14T01:03:09" hostname="localhost" tests="3" failures="0" errors="0" skipped="0" flaky="0" time="0.794">
		<testcase name="test_start_and_a_use_pause_and_interact_actions" classname="VelvetPawControllerCheckpointTest" time="0.060">
		</testcase>
		<testcase name="test_start_toggles_mission_pause_but_hidden_cancel_does_not_open_it" classname="VelvetPawControllerCheckpointTest" time="0.046">
		</testcase>
		<testcase name="test_controller_a_routes_through_production_bridge_to_exact_bentley_marker" classname="VelvetPawControllerCheckpointTest" time="0.521">
		</testcase>
	</testsuite>
	<testsuite id="2" name="VelvetPawRouteComponent2Test" package="tests/mission_authoring" timestamp="2026-07-14T01:03:10" hostname="localhost" tests="3" failures="2" errors="0" skipped="0" flaky="0" time="0.153">
		<testcase name="test_component_2_authoring_contract_is_wired" classname="VelvetPawRouteComponent2Test" time="0.040">
			<failure message="FAILED: res://tests/mission_authoring/VelvetPawRouteComponent2Test.gd:77" type="FAILURE">
<![CDATA[
RightRailShape
	at 'test_component_2_authoring_contract_is_wired' in res://tests/mission_authoring/VelvetPawRouteComponent2Test.gd:77
]]>
			</failure>
			<failure message="FAILED: res://tests/mission_authoring/VelvetPawRouteComponent2Test.gd:78" type="FAILURE">
<![CDATA[
RightRailShape
	at 'test_component_2_authoring_contract_is_wired' in res://tests/mission_authoring/VelvetPawRouteComponent2Test.gd:78
]]>
			</failure>
		</testcase>
	</testsuite>
	<testsuite id="3" name="VelvetPawJazzClubProductionSkeletonTest" package="tests/mission_authoring" timestamp="2026-07-14T01:03:10" hostname="localhost" tests="19" failures="2" errors="0" skipped="0" flaky="0" time="1.869">
		<testcase name="test_scene_loads_and_instantiates" classname="VelvetPawJazzClubProductionSkeletonTest" time="0.036">
		</testcase>
		<testcase name="test_mission_catalog_resolves_playable_scene" classname="VelvetPawJazzClubProductionSkeletonTest" time="0.045">
		</testcase>
		<testcase name="test_blueprint_coverage_is_complete" classname="VelvetPawJazzClubProductionSkeletonTest" time="0.047">
		</testcase>
		<testcase name="test_representative_stubs_match_blueprint_contract" classname="VelvetPawJazzClubProductionSkeletonTest" time="0.043">
		</testcase>
		<testcase name="test_persisted_layout_and_contract" classname="VelvetPawJazzClubProductionSkeletonTest" time="0.699">
		</testcase>
		<testcase name="test_detached_forward_sync_matches_complete_union_and_preserves_sources" classname="VelvetPawJazzClubProductionSkeletonTest" time="0.416">
		</testcase>
		<testcase name="test_mission_controller_rehides_blockout_layers_if_scene_visibility_drifts" classname="VelvetPawJazzClubProductionSkeletonTest" time="0.055">
		</testcase>
		<testcase name="test_dynamic_blocker_blueprint_contract_is_exact" classname="VelvetPawJazzClubProductionSkeletonTest" time="0.030">
		</testcase>
		<testcase name="test_dynamic_blocker_hierarchy_geometry_and_detached_paths" classname="VelvetPawJazzClubProductionSkeletonTest" time="0.039">
			<failure message="FAILED: res://tests/mission_authoring/VelvetPawJazzClubProductionSkeletonTest.gd:217" type="FAILURE">
<![CDATA[
VipNorthRailBlocker/RightRailShape
	at 'test_dynamic_blocker_hierarchy_geometry_and_detached_paths' in res://tests/mission_authoring/VelvetPawJazzClubProductionSkeletonTest.gd:217
]]>
			</failure>
			<failure message="FAILED: res://tests/mission_authoring/VelvetPawJazzClubProductionSkeletonTest.gd:218" type="FAILURE">
<![CDATA[
VipNorthRailBlocker/RightRailShape
	at 'test_dynamic_blocker_hierarchy_geometry_and_detached_paths' in res://tests/mission_authoring/VelvetPawJazzClubProductionSkeletonTest.gd:218
]]>
			</failure>
		</testcase>
	</testsuite>
	<testsuite id="4" name="VelvetPawJazzClubPhysicsTest" package="tests/mission_authoring" timestamp="2026-07-14T01:03:12" hostname="localhost" tests="12" failures="0" errors="0" skipped="0" flaky="0" time="5.042">
		<testcase name="test_wall_proxy_is_deterministic_transform_aware_and_bounded" classname="VelvetPawJazzClubPhysicsTest" time="0.536">
		</testcase>
		<testcase name="test_exterior_and_island_walls_block_from_both_sides" classname="VelvetPawJazzClubPhysicsTest" time="0.288">
		</testcase>
		<testcase name="test_furniture_and_solid_cover_physically_block" classname="VelvetPawJazzClubPhysicsTest" time="0.325">
		</testcase>
		<testcase name="test_fixed_openings_connect_and_non_solid_cover_is_walkable" classname="VelvetPawJazzClubPhysicsTest" time="0.285">
		</testcase>
		<testcase name="test_vip_left_entrance_blocks_until_bentley_is_parked" classname="VelvetPawJazzClubPhysicsTest" time="0.378">
		</testcase>
		<testcase name="test_stage_service_door_opens_only_after_all_three_tables" classname="VelvetPawJazzClubPhysicsTest" time="0.335">
		</testcase>
		<testcase name="test_four_dynamic_blockers_block_then_existing_unlock_opens" classname="VelvetPawJazzClubPhysicsTest" time="1.078">
		</testcase>
		<testcase name="test_owner_stairs_uses_valid_south_route_and_teleport_grid" classname="VelvetPawJazzClubPhysicsTest" time="0.270">
		</testcase>
		<testcase name="test_spawn_and_all_teleport_landings_have_usable_clearance" classname="VelvetPawJazzClubPhysicsTest" time="0.244">
		</testcase>
		<testcase name="test_owner_suite_and_basement_perimeters_prevent_void_leaks" classname="VelvetPawJazzClubPhysicsTest" time="0.284">
		</testcase>
		<testcase name="test_cardinal_and_diagonal_adjacent_wall_seams_are_sealed" classname="VelvetPawJazzClubPhysicsTest" time="0.226">
		</testcase>
		<testcase name="test_teardown_leaves_zero_new_orphans" classname="VelvetPawJazzClubPhysicsTest" time="0.292">
		</testcase>
	</testsuite>
	<testsuite id="5" name="VelvetCameraDetectionPolicyTest" package="tests/mission_authoring" timestamp="2026-07-14T01:03:17" hostname="localhost" tests="10" failures="0" errors="0" skipped="0" flaky="0" time="0.953">
		<testcase name="test_default_camera_policy_preserves_always_detect_behavior" classname="VelvetCameraDetectionPolicyTest" time="0.042">
		</testcase>
		<testcase name="test_velvet_normal_heat_requires_action_and_theft_respects_concealment" classname="VelvetCameraDetectionPolicyTest" time="0.033">
		</testcase>
		<testcase name="test_raised_initial_posture_and_reset_clear_actions" classname="VelvetCameraDetectionPolicyTest" time="0.047">
		</testcase>
		<testcase name="test_hold_interaction_registers_and_clears_camera_suspicion" classname="VelvetCameraDetectionPolicyTest" time="0.046">
		</testcase>
		<testcase name="test_forced_stealth_sources_preserve_manual_stealth_and_hide_spot_source" classname="VelvetCameraDetectionPolicyTest" time="0.054">
		</testcase>
		<testcase name="test_camera_author_passes_los_occlusion_configuration" classname="VelvetCameraDetectionPolicyTest" time="0.023">
		</testcase>
		<testcase name="test_camera_queries_controller_before_accumulating" classname="VelvetCameraDetectionPolicyTest" time="0.052">
		</testcase>
		<testcase name="test_movement_sensitive_camera_freezes_exposure_while_stationary" classname="VelvetCameraDetectionPolicyTest" time="0.033">
		</testcase>
		<testcase name="test_minimum_exposure_drains_ring_for_six_seconds_before_detection" classname="VelvetCameraDetectionPolicyTest" time="0.061">
		</testcase>
		<testcase name="test_wall_blocks_los_and_clips_visible_cone" classname="VelvetCameraDetectionPolicyTest" time="0.039">
		</testcase>
	</testsuite>
	<testsuite id="6" name="GuardBehaviorTest" package="tests/mission_authoring" timestamp="2026-07-14T01:03:18" hostname="localhost" tests="14" failures="0" errors="0" skipped="0" flaky="0" time="1.466">
		<testcase name="test_unaware_guard_requires_facing_cone_and_detection_buildup" classname="GuardBehaviorTest" time="0.041">
		</testcase>
		<testcase name="test_detection_decays_and_does_not_attack_before_threshold" classname="GuardBehaviorTest" time="0.030">
		</testcase>
		<testcase name="test_line_of_sight_blocker_prevents_detection_buildup" classname="GuardBehaviorTest" time="0.028">
		</testcase>
		<testcase name="test_production_guard_contract_covers_startup_and_reinforcement_instances" classname="GuardBehaviorTest" time="0.064">
		</testcase>
		<testcase name="test_production_guard_body_is_blocked_by_layer_four_wall" classname="GuardBehaviorTest" time="0.069">
		</testcase>
		<testcase name="test_damage_knockback_stops_at_layer_four_wall" classname="GuardBehaviorTest" time="0.071">
		</testcase>
		<testcase name="test_direct_player_provocation_and_attack_player_spawn_are_hostile" classname="GuardBehaviorTest" time="0.033">
		</testcase>
		<testcase name="test_valid_social_cover_suppresses_only_ambient_detection" classname="GuardBehaviorTest" time="0.033">
		</testcase>
		<testcase name="test_restricted_room_entry_forces_immediate_hostility" classname="GuardBehaviorTest" time="0.027">
		</testcase>
		<testcase name="test_decoy_interrupts_patrol_then_resumes_saved_index" classname="GuardBehaviorTest" time="0.045">
		</testcase>
		<testcase name="test_bark_accumulates_to_threshold_and_combat_ignores_noise" classname="GuardBehaviorTest" time="0.029">
		</testcase>
		<testcase name="test_guard_scene_has_production_noise_listener" classname="GuardBehaviorTest" time="0.048">
		</testcase>
		<testcase name="test_spawn_author_binds_config_and_routes_spotted_to_alert" classname="GuardBehaviorTest" time="0.055">
		</testcase>
		<testcase name="test_velvet_startup_and_reinforcement_guards_use_production_collision_contract" classname="GuardBehaviorTest" time="0.332">
		</testcase>
	</testsuite>
	<testsuite id="7" name="VelvetPawJazzClubRuntimeQATest" package="tests/mission_authoring" timestamp="2026-07-14T01:03:20" hostname="localhost" tests="14" failures="0" errors="0" skipped="0" flaky="0" time="5.222">
		<testcase name="test_return_teleport_path_resolves_detached_to_exact_zone" classname="VelvetPawJazzClubRuntimeQATest" time="0.060">
		</testcase>
		<testcase name="test_return_without_shard_cannot_set_hostile_state" classname="VelvetPawJazzClubRuntimeQATest" time="0.251">
		</testcase>
		<testcase name="test_real_shard_pickup_and_return_teleport_set_hostile_and_advance_objective" classname="VelvetPawJazzClubRuntimeQATest" time="0.279">
		</testcase>
		<testcase name="test_three_complete_runtime_cycles_are_fresh_deterministic_and_orphan_free" classname="VelvetPawJazzClubRuntimeQATest" time="0.980">
		</testcase>
		<testcase name="test_critical_route_obeys_requirements_and_physical_blockers" classname="VelvetPawJazzClubRuntimeQATest" time="0.340">
		</testcase>
		<testcase name="test_vip_front_inspection_opens_dynamic_rope_and_front_entry" classname="VelvetPawJazzClubRuntimeQATest" time="0.297">
		</testcase>
		<testcase name="test_side_door_entry_starts_floor_music_in_normal_alert_state" classname="VelvetPawJazzClubRuntimeQATest" time="0.276">
		</testcase>
		<testcase name="test_right_edge_of_staff_door_physically_starts_audible_bus_music" classname="VelvetPawJazzClubRuntimeQATest" time="0.335">
		</testcase>
		<testcase name="test_bar_cover_three_tables_vip_phone_and_inventory_progress_in_order" classname="VelvetPawJazzClubRuntimeQATest" time="0.306">
		</testcase>
		<testcase name="test_f12_velvet_security_controls_drive_heat_alert_and_hostile_states" classname="VelvetPawJazzClubRuntimeQATest" time="0.288">
		</testcase>
		<testcase name="test_unparked_bentley_vip_camera_requires_completed_countdown_before_response" classname="VelvetPawJazzClubRuntimeQATest" time="0.382">
		</testcase>
		<testcase name="test_vip_polaroid_requires_protocol_only" classname="VelvetPawJazzClubRuntimeQATest" time="0.259">
		</testcase>
		<testcase name="test_room_visibility_only_reveals_the_players_current_area" classname="VelvetPawJazzClubRuntimeQATest" time="0.346">
		</testcase>
		<testcase name="test_runtime_camera_patrol_spawn_targets_art_and_overlay_contract" classname="VelvetPawJazzClubRuntimeQATest" time="0.322">
		</testcase>
	</testsuite>
</testsuites>
