<?xml version="1.0" encoding="UTF-8" ?>
<testsuites id="2026-07-09" name="report_81" tests="17" failures="0" skipped="0" flaky="0" time="0.000">
	<testsuite id="0" name="MilestoneAThinAuthorablesTest" package="tests/mission_authoring" timestamp="2026-07-09T16:11:59" hostname="localhost" tests="17" failures="0" errors="2" skipped="0" flaky="0" time="6.480">
		<testcase name="test_player_start_marker_matches_existing_spawn_authoring_convention" classname="MilestoneAThinAuthorablesTest" time="0.034">
		</testcase>
		<testcase name="test_player_start_marker_creates_default_and_start_main_spawn_points" classname="MilestoneAThinAuthorablesTest" time="0.030">
		</testcase>
		<testcase name="test_milestone_a_proof_scene_has_bridge_and_valid_teleport_targets" classname="MilestoneAThinAuthorablesTest" time="1.016">
			<error message="ERROR: res://tests/mission_authoring/MilestoneAThinAuthorablesTest.gd:57" type="ABORT">
<![CDATA[
Godot Runtime Error !
Error: 'Parse Error: Expected statement, found "Indent" instead.'
	at res://tests/mission_authoring/MilestoneAThinAuthorablesTest.gd:57
]]>
			</error>
		</testcase>
		<testcase name="test_milestone_a_proof_camera_bounds_cover_authored_teleport_targets" classname="MilestoneAThinAuthorablesTest" time="0.111">
		</testcase>
		<testcase name="test_milestone_a_proof_inventory_chain_is_self_contained" classname="MilestoneAThinAuthorablesTest" time="0.103">
		</testcase>
		<testcase name="test_milestone_a_proof_teleports_bypass_prior_interaction_requirements" classname="MilestoneAThinAuthorablesTest" time="0.104">
		</testcase>
		<testcase name="test_milestone_a_proof_extraction_is_configured_for_visible_result_screen" classname="MilestoneAThinAuthorablesTest" time="0.450">
			<error message="ERROR: res://tests/mission_authoring/MilestoneAThinAuthorablesTest.gd:133" type="ABORT">
<![CDATA[
Godot Runtime Error !
Error: 'Invalid call. Nonexistent 'bool' constructor.'
	at res://tests/mission_authoring/MilestoneAThinAuthorablesTest.gd:133
]]>
			</error>
		</testcase>
		<testcase name="test_milestone_a_proof_teleports_are_reusable_and_work_after_route_unlock" classname="MilestoneAThinAuthorablesTest" time="0.364">
		</testcase>
		<testcase name="test_authored_poop_bag_updates_canonical_counts_immediately" classname="MilestoneAThinAuthorablesTest" time="0.402">
		</testcase>
		<testcase name="test_authored_clue_is_visible_to_pause_snapshot_during_attempt" classname="MilestoneAThinAuthorablesTest" time="0.330">
		</testcase>
		<testcase name="test_pause_inventory_snapshot_lists_mission_inventory_items" classname="MilestoneAThinAuthorablesTest" time="0.345">
		</testcase>
		<testcase name="test_hide_spot_marks_hidden_and_player_damage_respects_hidden_state" classname="MilestoneAThinAuthorablesTest" time="0.364">
		</testcase>
		<testcase name="test_teleport_zone_moves_player_and_applies_effect_after_requirements" classname="MilestoneAThinAuthorablesTest" time="0.355">
		</testcase>
		<testcase name="test_teleport_zone_blocks_when_requirements_fail" classname="MilestoneAThinAuthorablesTest" time="0.341">
		</testcase>
		<testcase name="test_teleport_zone_can_bypass_prior_interaction_requirements" classname="MilestoneAThinAuthorablesTest" time="0.334">
		</testcase>
		<testcase name="test_teleport_zone_missing_target_is_safe" classname="MilestoneAThinAuthorablesTest" time="0.352">
		</testcase>
		<testcase name="test_music_trigger_zone_requests_audio_manager_and_restores_on_exit" classname="MilestoneAThinAuthorablesTest" time="0.344">
		</testcase>
	</testsuite>
</testsuites>
