<?xml version="1.0" encoding="UTF-8" ?>
<testsuites id="2026-05-18" name="report_2" tests="4" failures="0" skipped="0" flaky="0" time="0.000">
	<testsuite id="0" name="MissionAuthoredCollectiblePersistenceTest" package="tests/d6_06" timestamp="2026-05-18T22:03:26" hostname="localhost" tests="4" failures="0" errors="0" skipped="0" flaky="0" time="0.039">
		<testcase name="test_persist_flag_key_uses_collectible_id" classname="MissionAuthoredCollectiblePersistenceTest" time="0.006">
		</testcase>
		<testcase name="test_is_already_persisted_reads_dialogue_flag" classname="MissionAuthoredCollectiblePersistenceTest" time="0.005">
		</testcase>
		<testcase name="test_mark_persisted_sets_flag" classname="MissionAuthoredCollectiblePersistenceTest" time="0.007">
		</testcase>
		<testcase name="test_commit_case_cash_banks_when_no_hideout_controller" classname="MissionAuthoredCollectiblePersistenceTest" time="0.006">
		</testcase>
	</testsuite>
</testsuites>
