<?xml version="1.0" encoding="UTF-8" ?>
<testsuites id="2026-07-09" name="report_100" tests="4" failures="0" skipped="0" flaky="0" time="0.000">
	<testsuite id="0" name="MissionSceneResolverCatalogTest" package="tests/mission_authoring" timestamp="2026-07-09T23:14:32" hostname="localhost" tests="4" failures="0" errors="0" skipped="0" flaky="0" time="0.280">
		<testcase name="test_existing_playable_iso_catalog_entries_resolve" classname="MissionSceneResolverCatalogTest" time="0.025">
		</testcase>
		<testcase name="test_unknown_mission_falls_back_to_game_state_default" classname="MissionSceneResolverCatalogTest" time="0.028">
		</testcase>
		<testcase name="test_temporary_catalog_playable_iso_scene_resolves_without_resolver_edit" classname="MissionSceneResolverCatalogTest" time="0.040">
		</testcase>
		<testcase name="test_resolution_report_warns_on_missing_playable_iso_scene" classname="MissionSceneResolverCatalogTest" time="0.031">
		</testcase>
	</testsuite>
</testsuites>
