<?xml version="1.0" encoding="UTF-8" ?>
<testsuites id="2026-07-10" name="report_1" tests="8" failures="4" skipped="0" flaky="0" time="0.000">
	<testsuite id="0" name="LevelBlueprintLayoutPainterTest" package="tests/mission_authoring" timestamp="2026-07-11T00:13:37" hostname="localhost" tests="8" failures="4" errors="0" skipped="0" flaky="0" time="52.611">
		<testcase name="test_dry_run_ok_and_production_scene_hash_unchanged" classname="LevelBlueprintLayoutPainterTest" time="29.180">
		</testcase>
		<testcase name="test_semantic_region_and_cell_sets" classname="LevelBlueprintLayoutPainterTest" time="3.041">
		</testcase>
		<testcase name="test_cover_contract_has_four_solid_and_two_non_solid_labels" classname="LevelBlueprintLayoutPainterTest" time="2.292">
		</testcase>
		<testcase name="test_nine_openings_have_expected_classifications_and_blocking" classname="LevelBlueprintLayoutPainterTest" time="1.553">
		</testcase>
		<testcase name="test_owner_suite_and_basement_closed_islands_are_contained" classname="LevelBlueprintLayoutPainterTest" time="1.191">
			<failure message="FAILED: res://tests/mission_authoring/LevelBlueprintLayoutPainterTest.gd:86" type="FAILURE">
<![CDATA[
Expecting: 'true' but is 'false'
	at 'test_owner_suite_and_basement_closed_islands_are_contained' in res://tests/mission_authoring/LevelBlueprintLayoutPainterTest.gd:86
]]>
			</failure>
			<failure message="FAILED: res://tests/mission_authoring/LevelBlueprintLayoutPainterTest.gd:87" type="FAILURE">
<![CDATA[
Expecting: 'true' but is 'false'
	at 'test_owner_suite_and_basement_closed_islands_are_contained' in res://tests/mission_authoring/LevelBlueprintLayoutPainterTest.gd:87
]]>
			</failure>
			<failure message="FAILED: res://tests/mission_authoring/LevelBlueprintLayoutPainterTest.gd:86" type="FAILURE">
<![CDATA[
Expecting: 'true' but is 'false'
	at 'test_owner_suite_and_basement_closed_islands_are_contained' in res://tests/mission_authoring/LevelBlueprintLayoutPainterTest.gd:86
]]>
			</failure>
			<failure message="FAILED: res://tests/mission_authoring/LevelBlueprintLayoutPainterTest.gd:87" type="FAILURE">
<![CDATA[
Expecting: 'true' but is 'false'
	at 'test_owner_suite_and_basement_closed_islands_are_contained' in res://tests/mission_authoring/LevelBlueprintLayoutPainterTest.gd:87
]]>
			</failure>
		</testcase>
	</testsuite>
</testsuites>
