<?xml version="1.0" encoding="UTF-8" ?>
<testsuites id="2026-07-11" name="report_1" tests="4" failures="2" skipped="0" flaky="0" time="0.000">
	<testsuite id="0" name="VelvetPawRouteComponent1Test" package="tests/mission_authoring" timestamp="2026-07-11T19:36:29" hostname="localhost" tests="4" failures="2" errors="6" skipped="0" flaky="0" time="2.679">
		<testcase name="test_route_component_runtime_helpers_and_front_contract_are_authored" classname="VelvetPawRouteComponent1Test" time="2.226">
			<error message="ERROR: res://tests/mission_authoring/VelvetPawRouteComponent1Test.gd:18" type="ABORT">
<![CDATA[
Godot Runtime Error !
Error: 'Parse Error: The variable type is being inferred from a Variant value, so it will be typed as Variant. (Warning treated as error.)'
	at res://tests/mission_authoring/VelvetPawRouteComponent1Test.gd:94
	at res://tests/mission_authoring/VelvetPawRouteComponent1Test.gd:18
]]>
			</error>
			<error message="ERROR: res://tests/mission_authoring/VelvetPawRouteComponent1Test.gd:18" type="ABORT">
<![CDATA[
Godot Runtime Error !
Error: 'Compile Error: Failed to compile depended scripts.'
	at res://tests/mission_authoring/VelvetPawRouteComponent1Test.gd:94
	at res://tests/mission_authoring/VelvetPawRouteComponent1Test.gd:18
]]>
			</error>
			<error message="ERROR: res://tests/mission_authoring/VelvetPawRouteComponent1Test.gd:18" type="ABORT">
<![CDATA[
Godot Runtime Error !
Error: 'Compile Error: Failed to compile depended scripts.'
	at res://tests/mission_authoring/VelvetPawRouteComponent1Test.gd:94
	at res://tests/mission_authoring/VelvetPawRouteComponent1Test.gd:18
]]>
			</error>
			<error message="ERROR: res://tests/mission_authoring/VelvetPawRouteComponent1Test.gd:18" type="ABORT">
<![CDATA[
Godot Runtime Error !
Error: 'Compile Error: Failed to compile depended scripts.'
	at res://tests/mission_authoring/VelvetPawRouteComponent1Test.gd:94
	at res://tests/mission_authoring/VelvetPawRouteComponent1Test.gd:18
]]>
			</error>
		</testcase>
		<testcase name="test_front_inspection_requires_both_vip_facts_and_opens_rope" classname="VelvetPawRouteComponent1Test" time="0.132">
			<error message="ERROR: res://tests/mission_authoring/VelvetPawRouteComponent1Test.gd:42" type="ABORT">
<![CDATA[
Godot Runtime Error !
Error: 'Invalid call. Nonexistent function 'apply_effect' in base 'GDScript'.'
	at res://src/missions/iso/authoring/core/MissionEffect.gd:66
	at res://src/missions/iso/authoring/core/EffectSet.gd:21
	at res://src/missions/iso/authoring/mechanics/MechanicAreaBase.gd:255
	at res://src/missions/iso/authoring/mechanics/InspectionZone.gd:64
	at res://tests/mission_authoring/VelvetPawRouteComponent1Test.gd:42
]]>
			</error>
			<error message="ERROR: res://tests/mission_authoring/VelvetPawRouteComponent1Test.gd:42" type="ABORT">
<![CDATA[
Godot Runtime Error !
Error: 'Invalid call. Nonexistent function 'apply_effect' in base 'GDScript'.'
	at res://src/missions/iso/authoring/core/MissionEffect.gd:66
	at res://src/missions/iso/authoring/core/EffectSet.gd:21
	at res://src/missions/iso/authoring/mechanics/MechanicAreaBase.gd:255
	at res://src/missions/iso/authoring/mechanics/InspectionZone.gd:64
	at res://tests/mission_authoring/VelvetPawRouteComponent1Test.gd:42
]]>
			</error>
			<failure message="FAILED: res://tests/mission_authoring/VelvetPawRouteComponent1Test.gd:44" type="FAILURE">
<![CDATA[
Expecting: 'true' but is 'false'
	at 'test_front_inspection_requires_both_vip_facts_and_opens_rope' in res://tests/mission_authoring/VelvetPawRouteComponent1Test.gd:44
]]>
			</failure>
			<failure message="FAILED: res://tests/mission_authoring/VelvetPawRouteComponent1Test.gd:45" type="FAILURE">
<![CDATA[
Expecting: 'false' but is 'true'
	at 'test_front_inspection_requires_both_vip_facts_and_opens_rope' in res://tests/mission_authoring/VelvetPawRouteComponent1Test.gd:45
]]>
			</failure>
		</testcase>
	</testsuite>
</testsuites>
