<?xml version="1.0" encoding="UTF-8" ?>
<testsuites id="2026-07-10" name="report_3" tests="8" failures="0" skipped="0" flaky="0" time="0.000">
	<testsuite id="0" name="LevelBlueprintLayoutPainterTest" package="tests/mission_authoring" timestamp="2026-07-11T00:25:33" hostname="localhost" tests="8" failures="0" errors="0" skipped="0" flaky="0" time="2.613">
		<testcase name="test_dry_run_ok_and_production_scene_hash_unchanged" classname="LevelBlueprintLayoutPainterTest" time="1.867">
		</testcase>
		<testcase name="test_semantic_region_and_cell_sets" classname="LevelBlueprintLayoutPainterTest" time="0.029">
		</testcase>
		<testcase name="test_cover_contract_has_four_solid_and_two_non_solid_labels" classname="LevelBlueprintLayoutPainterTest" time="0.035">
		</testcase>
		<testcase name="test_nine_openings_have_expected_classifications_and_blocking" classname="LevelBlueprintLayoutPainterTest" time="0.047">
		</testcase>
		<testcase name="test_owner_suite_and_basement_closed_islands_are_contained" classname="LevelBlueprintLayoutPainterTest" time="0.026">
		</testcase>
		<testcase name="test_all_five_approved_layer_paths_resolve" classname="LevelBlueprintLayoutPainterTest" time="0.053">
		</testcase>
		<testcase name="test_non_dry_run_is_rejected_without_mutation" classname="LevelBlueprintLayoutPainterTest" time="0.035">
		</testcase>
		<testcase name="test_repeated_runs_are_deterministic" classname="LevelBlueprintLayoutPainterTest" time="0.151">
		</testcase>
	</testsuite>
</testsuites>
