<?xml version="1.0" encoding="UTF-8" ?>
<testsuites id="2026-05-20" name="report_38" tests="7" failures="0" skipped="0" flaky="0" time="0.000">
	<testsuite id="0" name="Phase0JRuntimeAuthoringHiderTest" package="tests/mission_authoring" timestamp="2026-05-20T15:01:58" hostname="localhost" tests="7" failures="0" errors="0" skipped="0" flaky="0" time="0.199">
		<testcase name="test_default_preserves_generated_runtime_marker_labels" classname="Phase0JRuntimeAuthoringHiderTest" time="0.023">
		</testcase>
		<testcase name="test_opt_in_hides_generated_runtime_marker_labels" classname="Phase0JRuntimeAuthoringHiderTest" time="0.025">
		</testcase>
		<testcase name="test_missing_generated_labels_path_does_not_crash" classname="Phase0JRuntimeAuthoringHiderTest" time="0.025">
		</testcase>
		<testcase name="test_opt_in_does_not_hide_plug_and_play_or_interactables" classname="Phase0JRuntimeAuthoringHiderTest" time="0.026">
		</testcase>
		<testcase name="test_security_author_labels_hidden_when_opt_in" classname="Phase0JRuntimeAuthoringHiderTest" time="0.026">
		</testcase>
		<testcase name="test_security_taco_policy_hides_author_and_preserves_proof_door_labels" classname="Phase0JRuntimeAuthoringHiderTest" time="0.025">
		</testcase>
		<testcase name="test_security_author_label_without_residue_flag_leaves_at_label_residue_visible" classname="Phase0JRuntimeAuthoringHiderTest" time="0.026">
		</testcase>
	</testsuite>
</testsuites>
