<?xml version="1.0" encoding="UTF-8" ?>
<testsuites id="2026-07-12" name="report_1" tests="63" failures="0" skipped="0" flaky="0" time="0.000">
	<testsuite id="0" name="VelvetPawJazzClubPhysicsTest" package="tests/mission_authoring" timestamp="2026-07-12T16:51:41" hostname="localhost" tests="11" failures="0" errors="0" skipped="0" flaky="0" time="7.452">
		<testcase name="test_wall_proxy_is_deterministic_transform_aware_and_bounded" classname="VelvetPawJazzClubPhysicsTest" time="2.492">
		</testcase>
		<testcase name="test_exterior_and_island_walls_block_from_both_sides" classname="VelvetPawJazzClubPhysicsTest" time="0.361">
		</testcase>
		<testcase name="test_furniture_and_solid_cover_physically_block" classname="VelvetPawJazzClubPhysicsTest" time="0.395">
		</testcase>
		<testcase name="test_fixed_openings_connect_and_non_solid_cover_is_walkable" classname="VelvetPawJazzClubPhysicsTest" time="0.361">
		</testcase>
		<testcase name="test_vip_left_entrance_blocks_until_protocol_completes" classname="VelvetPawJazzClubPhysicsTest" time="0.357">
		</testcase>
		<testcase name="test_four_dynamic_blockers_block_then_existing_unlock_opens" classname="VelvetPawJazzClubPhysicsTest" time="1.270">
		</testcase>
		<testcase name="test_owner_stairs_uses_valid_south_route_and_teleport_grid" classname="VelvetPawJazzClubPhysicsTest" time="0.399">
		</testcase>
		<testcase name="test_spawn_and_all_teleport_landings_have_usable_clearance" classname="VelvetPawJazzClubPhysicsTest" time="0.346">
		</testcase>
		<testcase name="test_owner_suite_and_basement_perimeters_prevent_void_leaks" classname="VelvetPawJazzClubPhysicsTest" time="0.392">
		</testcase>
		<testcase name="test_cardinal_and_diagonal_adjacent_wall_seams_are_sealed" classname="VelvetPawJazzClubPhysicsTest" time="0.330">
		</testcase>
		<testcase name="test_teardown_leaves_zero_new_orphans" classname="VelvetPawJazzClubPhysicsTest" time="0.364">
		</testcase>
	</testsuite>
	<testsuite id="1" name="VelvetPawJazzClubProductionSkeletonTest" package="tests/mission_authoring" timestamp="2026-07-12T16:51:48" hostname="localhost" tests="19" failures="0" errors="0" skipped="0" flaky="0" time="5.398">
		<testcase name="test_scene_loads_and_instantiates" classname="VelvetPawJazzClubProductionSkeletonTest" time="0.129">
		</testcase>
		<testcase name="test_mission_catalog_resolves_playable_scene" classname="VelvetPawJazzClubProductionSkeletonTest" time="0.036">
		</testcase>
		<testcase name="test_blueprint_coverage_is_complete" classname="VelvetPawJazzClubProductionSkeletonTest" time="0.136">
		</testcase>
		<testcase name="test_representative_stubs_match_blueprint_contract" classname="VelvetPawJazzClubProductionSkeletonTest" time="0.131">
		</testcase>
		<testcase name="test_persisted_layout_and_contract" classname="VelvetPawJazzClubProductionSkeletonTest" time="0.740">
		</testcase>
		<testcase name="test_detached_forward_sync_matches_complete_union_and_preserves_sources" classname="VelvetPawJazzClubProductionSkeletonTest" time="0.489">
		</testcase>
		<testcase name="test_mission_controller_rehides_blockout_layers_if_scene_visibility_drifts" classname="VelvetPawJazzClubProductionSkeletonTest" time="0.122">
		</testcase>
		<testcase name="test_dynamic_blocker_blueprint_contract_is_exact" classname="VelvetPawJazzClubProductionSkeletonTest" time="0.049">
		</testcase>
		<testcase name="test_dynamic_blocker_hierarchy_geometry_and_detached_paths" classname="VelvetPawJazzClubProductionSkeletonTest" time="0.127">
		</testcase>
		<testcase name="test_dynamic_blockers_gate_unlocks_and_fresh_scene_restores" classname="VelvetPawJazzClubProductionSkeletonTest" time="1.105">
		</testcase>
		<testcase name="test_full_startup_forward_sync_and_phase3a_teardown_are_clean" classname="VelvetPawJazzClubProductionSkeletonTest" time="0.796">
		</testcase>
		<testcase name="test_staff_gate_requirement_blocks_then_passes" classname="VelvetPawJazzClubProductionSkeletonTest" time="0.132">
		</testcase>
		<testcase name="test_staff_badge_soft_voicemail_dependency_is_authored" classname="VelvetPawJazzClubProductionSkeletonTest" time="0.129">
		</testcase>
		<testcase name="test_extraction_requires_flags_and_objectives" classname="VelvetPawJazzClubProductionSkeletonTest" time="0.132">
		</testcase>
		<testcase name="test_teleport_and_patrol_links_resolve" classname="VelvetPawJazzClubProductionSkeletonTest" time="0.109">
		</testcase>
		<testcase name="test_setlist_requirement_and_effect_resources_are_live" classname="VelvetPawJazzClubProductionSkeletonTest" time="0.102">
		</testcase>
		<testcase name="test_dialogue_zones_have_fallback_text_or_key" classname="VelvetPawJazzClubProductionSkeletonTest" time="0.148">
		</testcase>
		<testcase name="test_required_dialogue_content_is_authored" classname="VelvetPawJazzClubProductionSkeletonTest" time="0.031">
		</testcase>
		<testcase name="test_controller_syncs_canonical_flags_and_game_state_side_effects" classname="VelvetPawJazzClubProductionSkeletonTest" time="0.033">
		</testcase>
	</testsuite>
	<testsuite id="2" name="VelvetPawJazzClubRuntimeQATest" package="tests/mission_authoring" timestamp="2026-07-12T16:51:53" hostname="localhost" tests="8" failures="0" errors="0" skipped="0" flaky="0" time="3.973">
		<testcase name="test_return_teleport_path_resolves_detached_to_exact_zone" classname="VelvetPawJazzClubRuntimeQATest" time="0.105">
		</testcase>
		<testcase name="test_return_without_shard_cannot_set_hostile_state" classname="VelvetPawJazzClubRuntimeQATest" time="0.300">
		</testcase>
		<testcase name="test_real_shard_pickup_and_return_teleport_set_hostile_and_advance_objective" classname="VelvetPawJazzClubRuntimeQATest" time="0.338">
		</testcase>
		<testcase name="test_three_complete_runtime_cycles_are_fresh_deterministic_and_orphan_free" classname="VelvetPawJazzClubRuntimeQATest" time="1.204">
		</testcase>
		<testcase name="test_critical_route_obeys_requirements_and_physical_blockers" classname="VelvetPawJazzClubRuntimeQATest" time="0.523">
		</testcase>
		<testcase name="test_vip_front_inspection_opens_dynamic_rope_and_front_entry" classname="VelvetPawJazzClubRuntimeQATest" time="0.416">
		</testcase>
		<testcase name="test_room_visibility_only_reveals_the_players_current_area" classname="VelvetPawJazzClubRuntimeQATest" time="0.378">
		</testcase>
		<testcase name="test_runtime_camera_patrol_spawn_targets_art_and_overlay_contract" classname="VelvetPawJazzClubRuntimeQATest" time="0.397">
		</testcase>
	</testsuite>
	<testsuite id="3" name="VelvetPawRouteComponent1Test" package="tests/mission_authoring" timestamp="2026-07-12T16:51:58" hostname="localhost" tests="4" failures="0" errors="0" skipped="0" flaky="0" time="0.751">
		<testcase name="test_route_component_runtime_helpers_and_front_contract_are_authored" classname="VelvetPawRouteComponent1Test" time="0.125">
		</testcase>
		<testcase name="test_front_inspection_requires_both_vip_facts_and_opens_rope" classname="VelvetPawRouteComponent1Test" time="0.133">
		</testcase>
		<testcase name="test_front_rejection_is_timed_non_manual_and_skipped_for_vip" classname="VelvetPawRouteComponent1Test" time="0.187">
		</testcase>
		<testcase name="test_eavesdrop_phone_and_dead_drop_present_and_transfer_information" classname="VelvetPawRouteComponent1Test" time="0.129">
		</testcase>
	</testsuite>
	<testsuite id="4" name="VelvetPawRouteComponent2Test" package="tests/mission_authoring" timestamp="2026-07-12T16:51:58" hostname="localhost" tests="3" failures="0" errors="0" skipped="0" flaky="0" time="1.051">
		<testcase name="test_component_2_authoring_contract_is_wired" classname="VelvetPawRouteComponent2Test" time="0.144">
		</testcase>
		<testcase name="test_component_2_security_authors_are_runtime_ready" classname="VelvetPawRouteComponent2Test" time="0.141">
		</testcase>
		<testcase name="test_component_2_dev_overlay_is_created_by_controller" classname="VelvetPawRouteComponent2Test" time="0.658">
		</testcase>
	</testsuite>
	<testsuite id="5" name="VelvetCameraDetectionPolicyTest" package="tests/mission_authoring" timestamp="2026-07-12T16:51:59" hostname="localhost" tests="8" failures="0" errors="0" skipped="0" flaky="0" time="0.727">
		<testcase name="test_default_camera_policy_preserves_always_detect_behavior" classname="VelvetCameraDetectionPolicyTest" time="0.024">
		</testcase>
		<testcase name="test_velvet_normal_heat_requires_action_and_theft_respects_concealment" classname="VelvetCameraDetectionPolicyTest" time="0.036">
		</testcase>
		<testcase name="test_raised_initial_posture_and_reset_clear_actions" classname="VelvetCameraDetectionPolicyTest" time="0.038">
		</testcase>
		<testcase name="test_hold_interaction_registers_and_clears_camera_suspicion" classname="VelvetCameraDetectionPolicyTest" time="0.051">
		</testcase>
		<testcase name="test_forced_stealth_sources_preserve_manual_stealth_and_hide_spot_source" classname="VelvetCameraDetectionPolicyTest" time="0.048">
		</testcase>
		<testcase name="test_camera_author_passes_los_occlusion_configuration" classname="VelvetCameraDetectionPolicyTest" time="0.034">
		</testcase>
		<testcase name="test_camera_queries_controller_before_accumulating" classname="VelvetCameraDetectionPolicyTest" time="0.048">
		</testcase>
		<testcase name="test_wall_blocks_los_and_clips_visible_cone" classname="VelvetCameraDetectionPolicyTest" time="0.044">
		</testcase>
	</testsuite>
	<testsuite id="6" name="GuardBehaviorTest" package="tests/mission_authoring" timestamp="2026-07-12T16:52:00" hostname="localhost" tests="10" failures="0" errors="0" skipped="0" flaky="0" time="0.929">
		<testcase name="test_unaware_guard_requires_facing_cone_and_detection_buildup" classname="GuardBehaviorTest" time="0.041">
		</testcase>
		<testcase name="test_detection_decays_and_does_not_attack_before_threshold" classname="GuardBehaviorTest" time="0.026">
		</testcase>
		<testcase name="test_line_of_sight_blocker_prevents_detection_buildup" classname="GuardBehaviorTest" time="0.038">
		</testcase>
		<testcase name="test_direct_player_provocation_and_attack_player_spawn_are_hostile" classname="GuardBehaviorTest" time="0.037">
		</testcase>
		<testcase name="test_valid_social_cover_suppresses_only_ambient_detection" classname="GuardBehaviorTest" time="0.034">
		</testcase>
		<testcase name="test_restricted_room_entry_forces_immediate_hostility" classname="GuardBehaviorTest" time="0.037">
		</testcase>
		<testcase name="test_decoy_interrupts_patrol_then_resumes_saved_index" classname="GuardBehaviorTest" time="0.052">
		</testcase>
		<testcase name="test_bark_accumulates_to_threshold_and_combat_ignores_noise" classname="GuardBehaviorTest" time="0.036">
		</testcase>
		<testcase name="test_guard_scene_has_production_noise_listener" classname="GuardBehaviorTest" time="0.055">
		</testcase>
		<testcase name="test_spawn_author_binds_config_and_routes_spotted_to_alert" classname="GuardBehaviorTest" time="0.056">
		</testcase>
	</testsuite>
</testsuites>
