<?xml version="1.0" encoding="UTF-8" ?>
<testsuites id="2026-05-20" name="report_28" tests="14" failures="0" skipped="0" flaky="0" time="0.000">
	<testsuite id="0" name="MissionInteractionBridgeTest" package="tests/mission_authoring" timestamp="2026-05-20T09:38:50" hostname="localhost" tests="14" failures="0" errors="0" skipped="0" flaky="0" time="0.110">
		<testcase name="test_collects_mission_mechanic_and_generic_interactable" classname="MissionInteractionBridgeTest" time="0.005">
		</testcase>
		<testcase name="test_collects_generic_interactable_without_generated_by" classname="MissionInteractionBridgeTest" time="0.006">
		</testcase>
		<testcase name="test_include_legacy_candidates_false_ignores_phase0j_groups" classname="MissionInteractionBridgeTest" time="0.004">
		</testcase>
		<testcase name="test_interact_method_activates_candidate" classname="MissionInteractionBridgeTest" time="0.004">
		</testcase>
		<testcase name="test_use_only_candidate_can_be_activated" classname="MissionInteractionBridgeTest" time="0.005">
		</testcase>
		<testcase name="test_method_order_prefers_interact_over_use" classname="MissionInteractionBridgeTest" time="0.005">
		</testcase>
		<testcase name="test_higher_priority_wins" classname="MissionInteractionBridgeTest" time="0.005">
		</testcase>
		<testcase name="test_closer_candidate_wins_when_priority_ties" classname="MissionInteractionBridgeTest" time="0.006">
		</testcase>
		<testcase name="test_available_wins_when_prefer_available" classname="MissionInteractionBridgeTest" time="0.005">
		</testcase>
		<testcase name="test_uncompleted_wins_when_prefer_uncompleted" classname="MissionInteractionBridgeTest" time="0.006">
		</testcase>
		<testcase name="test_find_best_candidate_excludes_unavailable_when_required" classname="MissionInteractionBridgeTest" time="0.005">
		</testcase>
		<testcase name="test_prompt_priority_and_completed_helpers" classname="MissionInteractionBridgeTest" time="0.005">
		</testcase>
		<testcase name="test_cooldown_blocks_immediate_repeat" classname="MissionInteractionBridgeTest" time="0.004">
		</testcase>
		<testcase name="test_find_player_uses_explicit_path_and_group_fallback" classname="MissionInteractionBridgeTest" time="0.005">
		</testcase>
	</testsuite>
</testsuites>
