<?xml version="1.0" encoding="UTF-8" ?>
<testsuites id="2026-07-04" name="report_51" tests="5" failures="0" skipped="0" flaky="0" time="0.000">
	<testsuite id="0" name="Phase17LevelBuilderReadinessTest" package="tests/mission_authoring" timestamp="2026-07-04T22:02:26" hostname="localhost" tests="5" failures="0" errors="0" skipped="0" flaky="0" time="1.052">
		<testcase name="test_f12_phase17_routes_are_qa_only_actions" classname="Phase17LevelBuilderReadinessTest" time="0.085">
		</testcase>
		<testcase name="test_phase16_route_label_reaches_mission_result_summary" classname="Phase17LevelBuilderReadinessTest" time="0.100">
		</testcase>
		<testcase name="test_level_builder_starter_and_non_taco_proof_scenes_load" classname="Phase17LevelBuilderReadinessTest" time="0.322">
		</testcase>
		<testcase name="test_non_taco_level_builder_proof_runs_multiple_systems" classname="Phase17LevelBuilderReadinessTest" time="0.075">
		</testcase>
		<testcase name="test_mission_dock_and_static_validator_cover_phase17_readiness" classname="Phase17LevelBuilderReadinessTest" time="0.073">
		</testcase>
	</testsuite>
</testsuites>
