<?xml version="1.0" encoding="UTF-8" ?>
<testsuites id="2026-07-13" name="report_124" tests="23" failures="0" skipped="0" flaky="0" time="0.000">
	<testsuite id="0" name="ControllerInputLayoutTest" package="tests/mission_authoring" timestamp="2026-07-14T00:07:41" hostname="localhost" tests="5" failures="0" errors="0" skipped="0" flaky="0" time="1.003">
		<testcase name="test_gamesir_xbox_layout_is_exact" classname="ControllerInputLayoutTest" time="0.019">
		</testcase>
		<testcase name="test_semantic_binding_labels_are_player_facing" classname="ControllerInputLayoutTest" time="0.022">
		</testcase>
		<testcase name="test_right_bumper_dispatches_the_existing_heavy_attack" classname="ControllerInputLayoutTest" time="0.740">
		</testcase>
		<testcase name="test_controller_poop_bag_targeting_aims_throws_and_cancels" classname="ControllerInputLayoutTest" time="0.031">
		</testcase>
		<testcase name="test_bentley_dpad_commands_ignore_blocking_ui" classname="ControllerInputLayoutTest" time="0.034">
		</testcase>
	</testsuite>
	<testsuite id="1" name="CompanionCommandPointTest" package="tests/mission_authoring" timestamp="2026-07-14T00:07:42" hostname="localhost" tests="12" failures="0" errors="0" skipped="0" flaky="0" time="1.276">
		<testcase name="test_companion_command_point_extends_mechanic_area_base" classname="CompanionCommandPointTest" time="0.018">
		</testcase>
		<testcase name="test_bark_command_calls_companion_and_applies_effects" classname="CompanionCommandPointTest" time="0.020">
		</testcase>
		<testcase name="test_requirement_failure_blocks_companion_command" classname="CompanionCommandPointTest" time="0.022">
		</testcase>
		<testcase name="test_missing_companion_returns_clean_failure" classname="CompanionCommandPointTest" time="0.024">
		</testcase>
		<testcase name="test_fetch_command_calls_companion_fetch_method" classname="CompanionCommandPointTest" time="0.029">
		</testcase>
		<testcase name="test_crawlspace_connector_calls_companion_and_applies_effects" classname="CompanionCommandPointTest" time="0.031">
		</testcase>
		<testcase name="test_wait_marker_calls_companion_and_applies_effects" classname="CompanionCommandPointTest" time="0.019">
		</testcase>
		<testcase name="test_dog_companion_public_command_api" classname="CompanionCommandPointTest" time="0.025">
		</testcase>
		<testcase name="test_dog_companion_wait_and_crawlspace_commands_hold_position" classname="CompanionCommandPointTest" time="0.028">
		</testcase>
		<testcase name="test_dog_companion_fetch_interacts_with_fetchable_node" classname="CompanionCommandPointTest" time="0.028">
		</testcase>
		<testcase name="test_card_modifiers_tune_bentley_fetch_range_and_cooldowns" classname="CompanionCommandPointTest" time="0.028">
		</testcase>
		<testcase name="test_dev_scene_contains_phase7_command_points" classname="CompanionCommandPointTest" time="0.654">
		</testcase>
	</testsuite>
	<testsuite id="2" name="CaseJointHintProviderTest" package="tests/mission_authoring" timestamp="2026-07-14T00:07:44" hostname="localhost" tests="6" failures="0" errors="0" skipped="0" flaky="0" time="0.379">
		<testcase name="test_bridge_q_does_not_interact_but_e_still_does" classname="CaseJointHintProviderTest" time="0.034">
		</testcase>
		<testcase name="test_bridge_prompt_refresh_is_callable_and_clears_out_of_range" classname="CaseJointHintProviderTest" time="0.041">
		</testcase>
		<testcase name="test_provider_filters_requirements_and_distance_then_uses_priority" classname="CaseJointHintProviderTest" time="0.027">
		</testcase>
		<testcase name="test_provider_selection_is_stable_and_respects_per_hint_cooldown" classname="CaseJointHintProviderTest" time="0.028">
		</testcase>
		<testcase name="test_provider_uses_dedicated_hint_signal_not_objective_updates" classname="CaseJointHintProviderTest" time="0.021">
		</testcase>
		<testcase name="test_player_queries_only_one_grouped_provider_after_case_pulse" classname="CaseJointHintProviderTest" time="0.026">
		</testcase>
	</testsuite>
</testsuites>
