<?xml version="1.0" encoding="UTF-8" ?>
<testsuites id="2026-07-09" name="report_101" tests="3" failures="0" skipped="0" flaky="0" time="0.000">
	<testsuite id="0" name="VelvetPawJazzClubProductionSkeletonTest" package="tests/mission_authoring" timestamp="2026-07-09T23:22:21" hostname="localhost" tests="3" failures="0" errors="0" skipped="0" flaky="0" time="2.000">
		<testcase name="test_scene_loads_and_instantiates" classname="VelvetPawJazzClubProductionSkeletonTest" time="1.734">
		</testcase>
		<testcase name="test_blueprint_coverage_is_complete" classname="VelvetPawJazzClubProductionSkeletonTest" time="0.073">
		</testcase>
		<testcase name="test_representative_stubs_match_blueprint_contract" classname="VelvetPawJazzClubProductionSkeletonTest" time="0.069">
		</testcase>
	</testsuite>
</testsuites>
