<?xml version="1.0" encoding="UTF-8" ?>
<testsuites id="2026-07-05" name="report_65" tests="11" failures="0" skipped="0" flaky="0" time="0.000">
	<testsuite id="0" name="MissionSceneResolverCatalogTest" package="tests/mission_authoring" timestamp="2026-07-06T00:14:19" hostname="localhost" tests="4" failures="0" errors="0" skipped="0" flaky="0" time="0.245">
		<testcase name="test_existing_playable_iso_catalog_entries_resolve" classname="MissionSceneResolverCatalogTest" time="0.022">
		</testcase>
		<testcase name="test_unknown_mission_falls_back_to_game_state_default" classname="MissionSceneResolverCatalogTest" time="0.027">
		</testcase>
		<testcase name="test_temporary_catalog_playable_iso_scene_resolves_without_resolver_edit" classname="MissionSceneResolverCatalogTest" time="0.026">
		</testcase>
		<testcase name="test_resolution_report_warns_on_missing_playable_iso_scene" classname="MissionSceneResolverCatalogTest" time="0.024">
		</testcase>
	</testsuite>
	<testsuite id="1" name="MilestoneAAuthoringRuntimeDegateTest" package="tests/mission_authoring" timestamp="2026-07-06T00:14:19" hostname="localhost" tests="2" failures="0" errors="0" skipped="0" flaky="0" time="0.548">
		<testcase name="test_non_taco_security_root_builds_router_and_authored_beam" classname="MilestoneAAuthoringRuntimeDegateTest" time="0.422">
		</testcase>
		<testcase name="test_non_taco_without_security_root_records_no_collectible_root_and_no_router" classname="MilestoneAAuthoringRuntimeDegateTest" time="0.054">
		</testcase>
	</testsuite>
	<testsuite id="2" name="MilestoneAThinAuthorablesTest" package="tests/mission_authoring" timestamp="2026-07-06T00:14:20" hostname="localhost" tests="5" failures="0" errors="0" skipped="0" flaky="0" time="0.314">
		<testcase name="test_player_start_marker_matches_existing_spawn_authoring_convention" classname="MilestoneAThinAuthorablesTest" time="0.022">
		</testcase>
		<testcase name="test_teleport_zone_moves_player_and_applies_effect_after_requirements" classname="MilestoneAThinAuthorablesTest" time="0.022">
		</testcase>
		<testcase name="test_teleport_zone_blocks_when_requirements_fail" classname="MilestoneAThinAuthorablesTest" time="0.035">
		</testcase>
		<testcase name="test_teleport_zone_missing_target_is_safe" classname="MilestoneAThinAuthorablesTest" time="0.029">
		</testcase>
		<testcase name="test_music_trigger_zone_requests_audio_manager_and_restores_on_exit" classname="MilestoneAThinAuthorablesTest" time="0.029">
		</testcase>
	</testsuite>
</testsuites>
