<?xml version="1.0" encoding="UTF-8" ?>
<testsuites id="2026-07-12" name="report_1" tests="9" failures="0" skipped="0" flaky="0" time="0.000">
	<testsuite id="0" name="LevelBlueprintLayoutPainterTest" package="tests/mission_authoring" timestamp="2026-07-12T16:54:36" hostname="localhost" tests="9" failures="0" errors="0" skipped="0" flaky="0" time="3.168">
		<testcase name="test_dry_run_ok_and_production_scene_hash_unchanged" classname="LevelBlueprintLayoutPainterTest" time="2.271">
		</testcase>
		<testcase name="test_semantic_region_and_cell_sets" classname="LevelBlueprintLayoutPainterTest" time="0.031">
		</testcase>
		<testcase name="test_cover_contract_has_four_solid_and_two_non_solid_labels" classname="LevelBlueprintLayoutPainterTest" time="0.039">
		</testcase>
		<testcase name="test_nine_openings_have_expected_classifications_and_blocking" classname="LevelBlueprintLayoutPainterTest" time="0.030">
		</testcase>
		<testcase name="test_owner_suite_and_basement_closed_islands_are_contained" classname="LevelBlueprintLayoutPainterTest" time="0.033">
		</testcase>
		<testcase name="test_blocking_overlap_and_union_evidence" classname="LevelBlueprintLayoutPainterTest" time="0.034">
		</testcase>
		<testcase name="test_all_five_approved_layer_paths_resolve" classname="LevelBlueprintLayoutPainterTest" time="0.021">
		</testcase>
		<testcase name="test_non_dry_run_is_rejected_without_mutation" classname="LevelBlueprintLayoutPainterTest" time="0.035">
		</testcase>
		<testcase name="test_repeated_runs_are_deterministic" classname="LevelBlueprintLayoutPainterTest" time="0.301">
		</testcase>
	</testsuite>
</testsuites>
