<?xml version="1.0" encoding="UTF-8" ?>
<testsuites id="2026-07-09" name="report_4" tests="15" failures="0" skipped="0" flaky="0" time="0.000">
	<testsuite id="0" name="VelvetPawJazzClubProductionSkeletonTest" package="tests/mission_authoring" timestamp="2026-07-10T01:02:52" hostname="localhost" tests="11" failures="0" errors="0" skipped="0" flaky="0" time="2.639">
		<testcase name="test_scene_loads_and_instantiates" classname="VelvetPawJazzClubProductionSkeletonTest" time="1.633">
		</testcase>
		<testcase name="test_mission_catalog_resolves_playable_scene" classname="VelvetPawJazzClubProductionSkeletonTest" time="0.041">
		</testcase>
		<testcase name="test_blueprint_coverage_is_complete" classname="VelvetPawJazzClubProductionSkeletonTest" time="0.078">
		</testcase>
		<testcase name="test_representative_stubs_match_blueprint_contract" classname="VelvetPawJazzClubProductionSkeletonTest" time="0.086">
		</testcase>
		<testcase name="test_staff_gate_requirement_blocks_then_passes" classname="VelvetPawJazzClubProductionSkeletonTest" time="0.069">
		</testcase>
		<testcase name="test_extraction_requires_flags_and_objectives" classname="VelvetPawJazzClubProductionSkeletonTest" time="0.082">
		</testcase>
		<testcase name="test_teleport_and_patrol_links_resolve" classname="VelvetPawJazzClubProductionSkeletonTest" time="0.064">
		</testcase>
		<testcase name="test_setlist_requirement_and_effect_resources_are_live" classname="VelvetPawJazzClubProductionSkeletonTest" time="0.093">
		</testcase>
		<testcase name="test_dialogue_zones_have_fallback_text_or_key" classname="VelvetPawJazzClubProductionSkeletonTest" time="0.071">
		</testcase>
		<testcase name="test_required_dialogue_content_is_authored" classname="VelvetPawJazzClubProductionSkeletonTest" time="0.031">
		</testcase>
		<testcase name="test_controller_syncs_canonical_flags_and_game_state_side_effects" classname="VelvetPawJazzClubProductionSkeletonTest" time="0.023">
		</testcase>
	</testsuite>
	<testsuite id="1" name="MissionSceneResolverCatalogTest" package="tests/mission_authoring" timestamp="2026-07-10T01:02:55" hostname="localhost" tests="4" failures="0" errors="0" skipped="0" flaky="0" time="0.246">
		<testcase name="test_existing_playable_iso_catalog_entries_resolve" classname="MissionSceneResolverCatalogTest" time="0.022">
		</testcase>
		<testcase name="test_unknown_mission_falls_back_to_game_state_default" classname="MissionSceneResolverCatalogTest" time="0.034">
		</testcase>
		<testcase name="test_temporary_catalog_playable_iso_scene_resolves_without_resolver_edit" classname="MissionSceneResolverCatalogTest" time="0.039">
		</testcase>
		<testcase name="test_resolution_report_warns_on_missing_playable_iso_scene" classname="MissionSceneResolverCatalogTest" time="0.023">
		</testcase>
	</testsuite>
</testsuites>
