<?xml version="1.0" encoding="UTF-8" ?>
<testsuites id="2026-07-08" name="report_75" tests="2" failures="0" skipped="0" flaky="0" time="0.000">
	<testsuite id="0" name="MilestoneAAuthoringRuntimeDegateTest" package="tests/mission_authoring" timestamp="2026-07-09T01:04:40" hostname="localhost" tests="2" failures="0" errors="0" skipped="0" flaky="0" time="0.658">
		<testcase name="test_non_taco_security_root_builds_router_and_authored_beam" classname="MilestoneAAuthoringRuntimeDegateTest" time="0.473">
		</testcase>
		<testcase name="test_non_taco_without_security_root_records_no_collectible_root_and_no_router" classname="MilestoneAAuthoringRuntimeDegateTest" time="0.062">
		</testcase>
	</testsuite>
</testsuites>
