<?xml version="1.0" encoding="UTF-8" ?>
<testsuites id="2026-07-12" name="report_1" tests="20" failures="4" skipped="0" flaky="0" time="0.000">
	<testsuite id="0" name="VelvetPawRouteComponent2Test" package="tests/mission_authoring" timestamp="2026-07-12T16:41:23" hostname="localhost" tests="3" failures="4" errors="0" skipped="0" flaky="0" time="2.083">
		<testcase name="test_component_2_authoring_contract_is_wired" classname="VelvetPawRouteComponent2Test" time="1.880">
			<failure message="FAILED: res://tests/mission_authoring/VelvetPawRouteComponent2Test.gd:72" type="FAILURE">
<![CDATA[
Expecting:
 'theft'
 but was
 'theft'
	at 'test_component_2_authoring_contract_is_wired' in res://tests/mission_authoring/VelvetPawRouteComponent2Test.gd:72
]]>
			</failure>
			<failure message="FAILED: res://tests/mission_authoring/VelvetPawRouteComponent2Test.gd:72" type="FAILURE">
<![CDATA[
Expecting:
 'theft'
 but was
 'theft'
	at 'test_component_2_authoring_contract_is_wired' in res://tests/mission_authoring/VelvetPawRouteComponent2Test.gd:72
]]>
			</failure>
			<failure message="FAILED: res://tests/mission_authoring/VelvetPawRouteComponent2Test.gd:72" type="FAILURE">
<![CDATA[
Expecting:
 'theft'
 but was
 'theft'
	at 'test_component_2_authoring_contract_is_wired' in res://tests/mission_authoring/VelvetPawRouteComponent2Test.gd:72
]]>
			</failure>
			<failure message="FAILED: res://tests/mission_authoring/VelvetPawRouteComponent2Test.gd:72" type="FAILURE">
<![CDATA[
Expecting:
 'theft'
 but was
 'theft'
	at 'test_component_2_authoring_contract_is_wired' in res://tests/mission_authoring/VelvetPawRouteComponent2Test.gd:72
]]>
			</failure>
		</testcase>
	</testsuite>
	<testsuite id="1" name="GuardBehaviorTest" package="tests/mission_authoring" timestamp="2026-07-12T16:41:25" hostname="localhost" tests="9" failures="0" errors="0" skipped="0" flaky="0" time="0.844">
		<testcase name="test_unaware_guard_requires_facing_cone_and_detection_buildup" classname="GuardBehaviorTest" time="0.042">
		</testcase>
		<testcase name="test_detection_decays_and_does_not_attack_before_threshold" classname="GuardBehaviorTest" time="0.032">
		</testcase>
		<testcase name="test_line_of_sight_blocker_prevents_detection_buildup" classname="GuardBehaviorTest" time="0.084">
		</testcase>
		<testcase name="test_direct_player_provocation_and_attack_player_spawn_are_hostile" classname="GuardBehaviorTest" time="0.045">
		</testcase>
		<testcase name="test_valid_social_cover_suppresses_only_ambient_detection" classname="GuardBehaviorTest" time="0.033">
		</testcase>
		<testcase name="test_decoy_interrupts_patrol_then_resumes_saved_index" classname="GuardBehaviorTest" time="0.028">
		</testcase>
		<testcase name="test_bark_accumulates_to_threshold_and_combat_ignores_noise" classname="GuardBehaviorTest" time="0.030">
		</testcase>
		<testcase name="test_guard_scene_has_production_noise_listener" classname="GuardBehaviorTest" time="0.063">
		</testcase>
		<testcase name="test_spawn_author_binds_config_and_routes_spotted_to_alert" classname="GuardBehaviorTest" time="0.070">
		</testcase>
	</testsuite>
	<testsuite id="2" name="VelvetCameraDetectionPolicyTest" package="tests/mission_authoring" timestamp="2026-07-12T16:41:26" hostname="localhost" tests="8" failures="0" errors="0" skipped="0" flaky="0" time="0.788">
		<testcase name="test_default_camera_policy_preserves_always_detect_behavior" classname="VelvetCameraDetectionPolicyTest" time="0.065">
		</testcase>
		<testcase name="test_velvet_normal_heat_requires_action_and_theft_respects_concealment" classname="VelvetCameraDetectionPolicyTest" time="0.045">
		</testcase>
		<testcase name="test_raised_initial_posture_and_reset_clear_actions" classname="VelvetCameraDetectionPolicyTest" time="0.036">
		</testcase>
		<testcase name="test_hold_interaction_registers_and_clears_camera_suspicion" classname="VelvetCameraDetectionPolicyTest" time="0.073">
		</testcase>
		<testcase name="test_forced_stealth_sources_preserve_manual_stealth_and_hide_spot_source" classname="VelvetCameraDetectionPolicyTest" time="0.054">
		</testcase>
		<testcase name="test_camera_author_passes_los_occlusion_configuration" classname="VelvetCameraDetectionPolicyTest" time="0.034">
		</testcase>
		<testcase name="test_camera_queries_controller_before_accumulating" classname="VelvetCameraDetectionPolicyTest" time="0.072">
		</testcase>
		<testcase name="test_wall_blocks_los_and_clips_visible_cone" classname="VelvetCameraDetectionPolicyTest" time="0.044">
		</testcase>
	</testsuite>
</testsuites>
