<?xml version="1.0" encoding="UTF-8" ?>
<testsuites id="2026-07-10" name="report_5" tests="8" failures="1" skipped="0" flaky="0" time="0.000">
	<testsuite id="0" name="LevelBlueprintLayoutPainterTest" package="tests/mission_authoring" timestamp="2026-07-11T00:28:01" hostname="localhost" tests="8" failures="1" errors="0" skipped="0" flaky="0" time="2.542">
		<testcase name="test_dry_run_ok_and_production_scene_hash_unchanged" classname="LevelBlueprintLayoutPainterTest" time="1.954">
		</testcase>
		<testcase name="test_semantic_region_and_cell_sets" classname="LevelBlueprintLayoutPainterTest" time="0.044">
		</testcase>
		<testcase name="test_cover_contract_has_four_solid_and_two_non_solid_labels" classname="LevelBlueprintLayoutPainterTest" time="0.077">
		</testcase>
		<testcase name="test_nine_openings_have_expected_classifications_and_blocking" classname="LevelBlueprintLayoutPainterTest" time="0.055">
			<failure message="FAILED: res://tests/mission_authoring/LevelBlueprintLayoutPainterTest.gd:74" type="FAILURE">
<![CDATA[
Expecting: 'true' but is 'false'
	at 'test_nine_openings_have_expected_classifications_and_blocking' in res://tests/mission_authoring/LevelBlueprintLayoutPainterTest.gd:74
]]>
			</failure>
		</testcase>
	</testsuite>
</testsuites>
