<?xml version="1.0" encoding="UTF-8" ?>
<testsuites id="2026-07-11" name="report_1" tests="40" failures="0" skipped="0" flaky="0" time="0.000">
	<testsuite id="0" name="TimedDialoguePresentationTest" package="tests/mission_authoring" timestamp="2026-07-11T21:09:46" hostname="localhost" tests="9" failures="0" errors="0" skipped="0" flaky="0" time="0.779">
		<testcase name="test_timed_sequence_advances_and_ends" classname="TimedDialoguePresentationTest" time="0.031">
		</testcase>
		<testcase name="test_manual_advance_is_suppressed_and_metadata_defaults_are_additive" classname="TimedDialoguePresentationTest" time="0.026">
		</testcase>
		<testcase name="test_untimed_dialogue_still_advances_manually_and_skips" classname="TimedDialoguePresentationTest" time="0.030">
		</testcase>
		<testcase name="test_old_timer_cannot_advance_replacement_dialogue" classname="TimedDialoguePresentationTest" time="0.080">
		</testcase>
		<testcase name="test_timed_dialogue_waits_while_scene_tree_is_paused" classname="TimedDialoguePresentationTest" time="0.160">
		</testcase>
		<testcase name="test_dialogue_box_replaces_disallowed_controls_with_enter_close_hint" classname="TimedDialoguePresentationTest" time="0.033">
		</testcase>
		<testcase name="test_enter_closes_dialogue_even_when_manual_advance_and_skip_are_disabled" classname="TimedDialoguePresentationTest" time="0.044">
		</testcase>
		<testcase name="test_no_key_trigger_supplies_fallback_text_and_preserves_explicit_lines" classname="TimedDialoguePresentationTest" time="0.037">
		</testcase>
		<testcase name="test_one_shot_guard_does_not_replace_active_dialogue" classname="TimedDialoguePresentationTest" time="0.024">
		</testcase>
	</testsuite>
	<testsuite id="1" name="VelvetPawRouteComponent1Test" package="tests/mission_authoring" timestamp="2026-07-11T21:09:47" hostname="localhost" tests="4" failures="0" errors="0" skipped="0" flaky="0" time="2.346">
		<testcase name="test_route_component_runtime_helpers_and_front_contract_are_authored" classname="VelvetPawRouteComponent1Test" time="1.857">
		</testcase>
		<testcase name="test_front_inspection_requires_both_vip_facts_and_opens_rope" classname="VelvetPawRouteComponent1Test" time="0.098">
		</testcase>
		<testcase name="test_front_rejection_is_timed_non_manual_and_skipped_for_vip" classname="VelvetPawRouteComponent1Test" time="0.112">
		</testcase>
		<testcase name="test_eavesdrop_phone_and_dead_drop_present_and_transfer_information" classname="VelvetPawRouteComponent1Test" time="0.098">
		</testcase>
	</testsuite>
	<testsuite id="2" name="VelvetPawJazzClubProductionSkeletonTest" package="tests/mission_authoring" timestamp="2026-07-11T21:09:49" hostname="localhost" tests="19" failures="0" errors="0" skipped="0" flaky="0" time="4.751">
		<testcase name="test_scene_loads_and_instantiates" classname="VelvetPawJazzClubProductionSkeletonTest" time="0.100">
		</testcase>
		<testcase name="test_mission_catalog_resolves_playable_scene" classname="VelvetPawJazzClubProductionSkeletonTest" time="0.037">
		</testcase>
		<testcase name="test_blueprint_coverage_is_complete" classname="VelvetPawJazzClubProductionSkeletonTest" time="0.103">
		</testcase>
		<testcase name="test_representative_stubs_match_blueprint_contract" classname="VelvetPawJazzClubProductionSkeletonTest" time="0.138">
		</testcase>
		<testcase name="test_persisted_layout_and_contract" classname="VelvetPawJazzClubProductionSkeletonTest" time="0.695">
		</testcase>
		<testcase name="test_detached_forward_sync_matches_complete_union_and_preserves_sources" classname="VelvetPawJazzClubProductionSkeletonTest" time="0.429">
		</testcase>
		<testcase name="test_mission_controller_rehides_blockout_layers_if_scene_visibility_drifts" classname="VelvetPawJazzClubProductionSkeletonTest" time="0.105">
		</testcase>
		<testcase name="test_dynamic_blocker_blueprint_contract_is_exact" classname="VelvetPawJazzClubProductionSkeletonTest" time="0.038">
		</testcase>
		<testcase name="test_dynamic_blocker_hierarchy_geometry_and_detached_paths" classname="VelvetPawJazzClubProductionSkeletonTest" time="0.095">
		</testcase>
		<testcase name="test_dynamic_blockers_gate_unlocks_and_fresh_scene_restores" classname="VelvetPawJazzClubProductionSkeletonTest" time="0.813">
		</testcase>
		<testcase name="test_full_startup_forward_sync_and_phase3a_teardown_are_clean" classname="VelvetPawJazzClubProductionSkeletonTest" time="0.803">
		</testcase>
		<testcase name="test_staff_gate_requirement_blocks_then_passes" classname="VelvetPawJazzClubProductionSkeletonTest" time="0.112">
		</testcase>
		<testcase name="test_staff_badge_soft_voicemail_dependency_is_authored" classname="VelvetPawJazzClubProductionSkeletonTest" time="0.112">
		</testcase>
		<testcase name="test_extraction_requires_flags_and_objectives" classname="VelvetPawJazzClubProductionSkeletonTest" time="0.096">
		</testcase>
		<testcase name="test_teleport_and_patrol_links_resolve" classname="VelvetPawJazzClubProductionSkeletonTest" time="0.100">
		</testcase>
		<testcase name="test_setlist_requirement_and_effect_resources_are_live" classname="VelvetPawJazzClubProductionSkeletonTest" time="0.104">
		</testcase>
		<testcase name="test_dialogue_zones_have_fallback_text_or_key" classname="VelvetPawJazzClubProductionSkeletonTest" time="0.115">
		</testcase>
		<testcase name="test_required_dialogue_content_is_authored" classname="VelvetPawJazzClubProductionSkeletonTest" time="0.033">
		</testcase>
		<testcase name="test_controller_syncs_canonical_flags_and_game_state_side_effects" classname="VelvetPawJazzClubProductionSkeletonTest" time="0.035">
		</testcase>
	</testsuite>
	<testsuite id="3" name="VelvetPawJazzClubRuntimeQATest" package="tests/mission_authoring" timestamp="2026-07-11T21:09:54" hostname="localhost" tests="8" failures="0" errors="1" skipped="0" flaky="0" time="2.879">
		<testcase name="test_return_teleport_path_resolves_detached_to_exact_zone" classname="VelvetPawJazzClubRuntimeQATest" time="0.106">
		</testcase>
		<testcase name="test_return_without_shard_cannot_set_hostile_state" classname="VelvetPawJazzClubRuntimeQATest" time="0.256">
		</testcase>
		<testcase name="test_real_shard_pickup_and_return_teleport_set_hostile_and_advance_objective" classname="VelvetPawJazzClubRuntimeQATest" time="0.246">
		</testcase>
		<testcase name="test_three_complete_runtime_cycles_are_fresh_deterministic_and_orphan_free" classname="VelvetPawJazzClubRuntimeQATest" time="0.847">
		</testcase>
		<testcase name="test_critical_route_obeys_requirements_and_physical_blockers" classname="VelvetPawJazzClubRuntimeQATest" time="0.338">
		</testcase>
		<testcase name="test_vip_front_inspection_opens_dynamic_rope_and_front_entry" classname="VelvetPawJazzClubRuntimeQATest" time="0.264">
		</testcase>
		<testcase name="test_room_visibility_only_reveals_the_players_current_area" classname="VelvetPawJazzClubRuntimeQATest" time="0.255">
			<error message="ERROR: res://tests/mission_authoring/VelvetPawJazzClubRuntimeQATest.gd:0" type="ABORT">
<![CDATA[
Godot Runtime Error !
Error: 'Invalid assignment of property or key 'global_position' with value of type 'Vector2' on a base object of type 'null instance'.'
	at res://tests/mission_authoring/VelvetPawJazzClubRuntimeQATest.gd:221
]]>
			</error>
		</testcase>
		<testcase name="test_runtime_camera_patrol_spawn_targets_art_and_overlay_contract" classname="VelvetPawJazzClubRuntimeQATest" time="0.274">
		</testcase>
	</testsuite>
</testsuites>
