<?xml version="1.0" encoding="UTF-8" ?>
<testsuites id="2026-07-09" name="report_89" tests="8" failures="0" skipped="0" flaky="0" time="0.000">
	<testsuite id="0" name="ReplanPacket1ReadabilityTest" package="tests/mission_authoring" timestamp="2026-07-09T18:23:26" hostname="localhost" tests="8" failures="0" errors="0" skipped="0" flaky="0" time="0.081">
		<testcase name="test_instant_interact_still_activates_immediately" classname="ReplanPacket1ReadabilityTest" time="0.014">
		</testcase>
		<testcase name="test_hold_interact_channels_then_activates" classname="ReplanPacket1ReadabilityTest" time="0.006">
		</testcase>
		<testcase name="test_hold_interrupts_when_actor_moves" classname="ReplanPacket1ReadabilityTest" time="0.006">
		</testcase>
		<testcase name="test_hold_interrupt_adds_alert_exposure_when_configured" classname="ReplanPacket1ReadabilityTest" time="0.006">
		</testcase>
		<testcase name="test_noise_pulse_visualizer_records_emitted_noise" classname="ReplanPacket1ReadabilityTest" time="0.005">
		</testcase>
		<testcase name="test_npc_pip_visualizer_marks_enemies_when_suspicious" classname="ReplanPacket1ReadabilityTest" time="0.005">
		</testcase>
		<testcase name="test_readability_layer_composes_all_visualizers" classname="ReplanPacket1ReadabilityTest" time="0.005">
		</testcase>
		<testcase name="test_casing_overlay_reads_mission_state_without_crash" classname="ReplanPacket1ReadabilityTest" time="0.005">
		</testcase>
	</testsuite>
</testsuites>
