<?xml version="1.0" encoding="UTF-8" ?>
<testsuites id="2026-07-10" name="report_1" tests="59" failures="0" skipped="0" flaky="0" time="0.000">
	<testsuite id="0" name="LevelBlueprintLayoutPainterTest" package="tests/mission_authoring" timestamp="2026-07-11T01:25:48" hostname="localhost" tests="8" failures="0" errors="0" skipped="0" flaky="0" time="1.474">
		<testcase name="test_dry_run_ok_and_production_scene_hash_unchanged" classname="LevelBlueprintLayoutPainterTest" time="0.822">
		</testcase>
		<testcase name="test_semantic_region_and_cell_sets" classname="LevelBlueprintLayoutPainterTest" time="0.026">
		</testcase>
		<testcase name="test_cover_contract_has_four_solid_and_two_non_solid_labels" classname="LevelBlueprintLayoutPainterTest" time="0.031">
		</testcase>
		<testcase name="test_nine_openings_have_expected_classifications_and_blocking" classname="LevelBlueprintLayoutPainterTest" time="0.041">
		</testcase>
		<testcase name="test_owner_suite_and_basement_closed_islands_are_contained" classname="LevelBlueprintLayoutPainterTest" time="0.024">
		</testcase>
		<testcase name="test_all_five_approved_layer_paths_resolve" classname="LevelBlueprintLayoutPainterTest" time="0.032">
		</testcase>
		<testcase name="test_non_dry_run_is_rejected_without_mutation" classname="LevelBlueprintLayoutPainterTest" time="0.035">
		</testcase>
		<testcase name="test_repeated_runs_are_deterministic" classname="LevelBlueprintLayoutPainterTest" time="0.158">
		</testcase>
	</testsuite>
	<testsuite id="1" name="VelvetPawJazzClubProductionSkeletonTest" package="tests/mission_authoring" timestamp="2026-07-11T01:25:50" hostname="localhost" tests="12" failures="0" errors="0" skipped="0" flaky="0" time="1.929">
		<testcase name="test_scene_loads_and_instantiates" classname="VelvetPawJazzClubProductionSkeletonTest" time="0.069">
		</testcase>
		<testcase name="test_mission_catalog_resolves_playable_scene" classname="VelvetPawJazzClubProductionSkeletonTest" time="0.031">
		</testcase>
		<testcase name="test_blueprint_coverage_is_complete" classname="VelvetPawJazzClubProductionSkeletonTest" time="0.072">
		</testcase>
		<testcase name="test_representative_stubs_match_blueprint_contract" classname="VelvetPawJazzClubProductionSkeletonTest" time="0.090">
		</testcase>
		<testcase name="test_staff_gate_requirement_blocks_then_passes" classname="VelvetPawJazzClubProductionSkeletonTest" time="0.121">
		</testcase>
		<testcase name="test_staff_badge_soft_voicemail_dependency_is_authored" classname="VelvetPawJazzClubProductionSkeletonTest" time="0.186">
		</testcase>
		<testcase name="test_extraction_requires_flags_and_objectives" classname="VelvetPawJazzClubProductionSkeletonTest" time="0.165">
		</testcase>
		<testcase name="test_teleport_and_patrol_links_resolve" classname="VelvetPawJazzClubProductionSkeletonTest" time="0.135">
		</testcase>
		<testcase name="test_setlist_requirement_and_effect_resources_are_live" classname="VelvetPawJazzClubProductionSkeletonTest" time="0.143">
		</testcase>
		<testcase name="test_dialogue_zones_have_fallback_text_or_key" classname="VelvetPawJazzClubProductionSkeletonTest" time="0.149">
		</testcase>
		<testcase name="test_required_dialogue_content_is_authored" classname="VelvetPawJazzClubProductionSkeletonTest" time="0.034">
		</testcase>
		<testcase name="test_controller_syncs_canonical_flags_and_game_state_side_effects" classname="VelvetPawJazzClubProductionSkeletonTest" time="0.029">
		</testcase>
	</testsuite>
	<testsuite id="2" name="MissionSceneResolverCatalogTest" package="tests/mission_authoring" timestamp="2026-07-11T01:25:51" hostname="localhost" tests="4" failures="0" errors="0" skipped="0" flaky="0" time="0.365">
		<testcase name="test_existing_playable_iso_catalog_entries_resolve" classname="MissionSceneResolverCatalogTest" time="0.043">
		</testcase>
		<testcase name="test_unknown_mission_falls_back_to_game_state_default" classname="MissionSceneResolverCatalogTest" time="0.039">
		</testcase>
		<testcase name="test_temporary_catalog_playable_iso_scene_resolves_without_resolver_edit" classname="MissionSceneResolverCatalogTest" time="0.029">
		</testcase>
		<testcase name="test_resolution_report_warns_on_missing_playable_iso_scene" classname="MissionSceneResolverCatalogTest" time="0.026">
		</testcase>
	</testsuite>
	<testsuite id="3" name="IsoMissionBaseLifecycleTest" package="tests/mission_authoring" timestamp="2026-07-11T01:25:52" hostname="localhost" tests="4" failures="0" errors="0" skipped="0" flaky="0" time="1.020">
		<testcase name="test_ensure_node_frees_unused_fallback_and_returns_existing" classname="IsoMissionBaseLifecycleTest" time="0.070">
		</testcase>
		<testcase name="test_ensure_node_attaches_valid_fallback_when_child_is_missing" classname="IsoMissionBaseLifecycleTest" time="0.024">
		</testcase>
		<testcase name="test_minimal_iso_mission_lifecycle_is_teardown_safe" classname="IsoMissionBaseLifecycleTest" time="0.257">
		</testcase>
		<testcase name="test_velvet_scene_lifecycle_twice_does_not_accumulate_orphans" classname="IsoMissionBaseLifecycleTest" time="0.477">
		</testcase>
	</testsuite>
	<testsuite id="4" name="MilestoneAAuthoringRuntimeDegateTest" package="tests/mission_authoring" timestamp="2026-07-11T01:25:53" hostname="localhost" tests="2" failures="0" errors="0" skipped="0" flaky="0" time="0.332">
		<testcase name="test_non_taco_security_root_builds_router_and_authored_beam" classname="MilestoneAAuthoringRuntimeDegateTest" time="0.100">
		</testcase>
		<testcase name="test_non_taco_without_security_root_records_no_collectible_root_and_no_router" classname="MilestoneAAuthoringRuntimeDegateTest" time="0.088">
		</testcase>
	</testsuite>
	<testsuite id="5" name="MilestoneAThinAuthorablesTest" package="tests/mission_authoring" timestamp="2026-07-11T01:25:53" hostname="localhost" tests="17" failures="0" errors="0" skipped="0" flaky="0" time="1.889">
		<testcase name="test_player_start_marker_matches_existing_spawn_authoring_convention" classname="MilestoneAThinAuthorablesTest" time="0.041">
		</testcase>
		<testcase name="test_player_start_marker_creates_default_and_start_main_spawn_points" classname="MilestoneAThinAuthorablesTest" time="0.025">
		</testcase>
		<testcase name="test_milestone_a_proof_scene_has_bridge_and_valid_teleport_targets" classname="MilestoneAThinAuthorablesTest" time="0.297">
		</testcase>
		<testcase name="test_milestone_a_proof_camera_bounds_cover_authored_teleport_targets" classname="MilestoneAThinAuthorablesTest" time="0.119">
		</testcase>
		<testcase name="test_milestone_a_proof_inventory_chain_is_self_contained" classname="MilestoneAThinAuthorablesTest" time="0.089">
		</testcase>
		<testcase name="test_milestone_a_proof_teleports_bypass_prior_interaction_requirements" classname="MilestoneAThinAuthorablesTest" time="0.105">
		</testcase>
		<testcase name="test_milestone_a_proof_extraction_is_configured_for_visible_result_screen" classname="MilestoneAThinAuthorablesTest" time="0.093">
		</testcase>
		<testcase name="test_milestone_a_proof_teleports_are_reusable_and_work_after_route_unlock" classname="MilestoneAThinAuthorablesTest" time="0.086">
		</testcase>
		<testcase name="test_authored_poop_bag_updates_canonical_counts_immediately" classname="MilestoneAThinAuthorablesTest" time="0.025">
		</testcase>
		<testcase name="test_authored_clue_is_visible_to_pause_snapshot_during_attempt" classname="MilestoneAThinAuthorablesTest" time="0.076">
		</testcase>
		<testcase name="test_pause_inventory_snapshot_lists_mission_inventory_items" classname="MilestoneAThinAuthorablesTest" time="0.035">
		</testcase>
		<testcase name="test_hide_spot_marks_hidden_and_player_damage_respects_hidden_state" classname="MilestoneAThinAuthorablesTest" time="0.040">
		</testcase>
		<testcase name="test_teleport_zone_moves_player_and_applies_effect_after_requirements" classname="MilestoneAThinAuthorablesTest" time="0.031">
		</testcase>
		<testcase name="test_teleport_zone_blocks_when_requirements_fail" classname="MilestoneAThinAuthorablesTest" time="0.027">
		</testcase>
		<testcase name="test_teleport_zone_can_bypass_prior_interaction_requirements" classname="MilestoneAThinAuthorablesTest" time="0.033">
		</testcase>
		<testcase name="test_teleport_zone_missing_target_is_safe" classname="MilestoneAThinAuthorablesTest" time="0.031">
		</testcase>
		<testcase name="test_music_trigger_zone_requests_audio_manager_and_restores_on_exit" classname="MilestoneAThinAuthorablesTest" time="0.030">
		</testcase>
	</testsuite>
	<testsuite id="6" name="PhaseD501AttemptResetContractTest" package="tests/mission_authoring" timestamp="2026-07-11T01:25:55" hostname="localhost" tests="12" failures="0" errors="0" skipped="0" flaky="0" time="1.042">
		<testcase name="test_objective_bridge_reset_clears_only_target_mission_runtime_objectives" classname="PhaseD501AttemptResetContractTest" time="0.027">
		</testcase>
		<testcase name="test_phase0k_reset_attempt_state_clears_bag_code_exit_and_reseeds_objectives" classname="PhaseD501AttemptResetContractTest" time="0.025">
		</testcase>
		<testcase name="test_phase0j_bag_interactable_reset_restores_visual_collision_and_label" classname="PhaseD501AttemptResetContractTest" time="0.040">
		</testcase>
		<testcase name="test_phase0j_state_adapter_reset_forgets_collected_delivery_bag" classname="PhaseD501AttemptResetContractTest" time="0.028">
		</testcase>
		<testcase name="test_d5_security_reset_rearms_beam_and_removes_response_guards" classname="PhaseD501AttemptResetContractTest" time="0.056">
		</testcase>
		<testcase name="test_d5_reset_preclear_removes_live_cameras_and_attempt_guards" classname="PhaseD501AttemptResetContractTest" time="0.055">
		</testcase>
		<testcase name="test_runtime_rebuild_clear_children_removes_queued_nodes_immediately" classname="PhaseD501AttemptResetContractTest" time="0.052">
		</testcase>
		<testcase name="test_authoring_beam_trip_marks_same_runtime_flag_as_f12_dashboard" classname="PhaseD501AttemptResetContractTest" time="0.063">
		</testcase>
		<testcase name="test_stale_security_event_router_is_not_reused_after_runtime_rebuild" classname="PhaseD501AttemptResetContractTest" time="0.048">
		</testcase>
		<testcase name="test_d5_pause_payload_uses_live_taco_mission_context" classname="PhaseD501AttemptResetContractTest" time="0.079">
		</testcase>
		<testcase name="test_d5_louis_route_bypasses_beam_without_marking_alarm_trip" classname="PhaseD501AttemptResetContractTest" time="0.052">
		</testcase>
		<testcase name="test_d5_beam_still_trips_without_louis_route" classname="PhaseD501AttemptResetContractTest" time="0.071">
		</testcase>
	</testsuite>
</testsuites>
