<?xml version="1.0" encoding="UTF-8" ?>
<testsuites id="2026-07-10" name="report_1" tests="16" failures="0" skipped="0" flaky="0" time="0.000">
	<testsuite id="0" name="VelvetPawJazzClubProductionSkeletonTest" package="tests/mission_authoring" timestamp="2026-07-10T19:58:52" hostname="localhost" tests="12" failures="0" errors="0" skipped="0" flaky="0" time="3.737">
		<testcase name="test_scene_loads_and_instantiates" classname="VelvetPawJazzClubProductionSkeletonTest" time="2.118">
		</testcase>
		<testcase name="test_mission_catalog_resolves_playable_scene" classname="VelvetPawJazzClubProductionSkeletonTest" time="0.039">
		</testcase>
		<testcase name="test_blueprint_coverage_is_complete" classname="VelvetPawJazzClubProductionSkeletonTest" time="0.115">
		</testcase>
		<testcase name="test_representative_stubs_match_blueprint_contract" classname="VelvetPawJazzClubProductionSkeletonTest" time="0.100">
		</testcase>
		<testcase name="test_staff_gate_requirement_blocks_then_passes" classname="VelvetPawJazzClubProductionSkeletonTest" time="0.104">
		</testcase>
		<testcase name="test_staff_badge_soft_voicemail_dependency_is_authored" classname="VelvetPawJazzClubProductionSkeletonTest" time="0.104">
		</testcase>
		<testcase name="test_extraction_requires_flags_and_objectives" classname="VelvetPawJazzClubProductionSkeletonTest" time="0.089">
		</testcase>
		<testcase name="test_teleport_and_patrol_links_resolve" classname="VelvetPawJazzClubProductionSkeletonTest" time="0.098">
		</testcase>
		<testcase name="test_setlist_requirement_and_effect_resources_are_live" classname="VelvetPawJazzClubProductionSkeletonTest" time="0.107">
		</testcase>
		<testcase name="test_dialogue_zones_have_fallback_text_or_key" classname="VelvetPawJazzClubProductionSkeletonTest" time="0.118">
		</testcase>
		<testcase name="test_required_dialogue_content_is_authored" classname="VelvetPawJazzClubProductionSkeletonTest" time="0.030">
		</testcase>
		<testcase name="test_controller_syncs_canonical_flags_and_game_state_side_effects" classname="VelvetPawJazzClubProductionSkeletonTest" time="0.034">
		</testcase>
	</testsuite>
	<testsuite id="1" name="MissionSceneResolverCatalogTest" package="tests/mission_authoring" timestamp="2026-07-10T19:58:56" hostname="localhost" tests="4" failures="0" errors="0" skipped="0" flaky="0" time="0.400">
		<testcase name="test_existing_playable_iso_catalog_entries_resolve" classname="MissionSceneResolverCatalogTest" time="0.045">
		</testcase>
		<testcase name="test_unknown_mission_falls_back_to_game_state_default" classname="MissionSceneResolverCatalogTest" time="0.058">
		</testcase>
		<testcase name="test_temporary_catalog_playable_iso_scene_resolves_without_resolver_edit" classname="MissionSceneResolverCatalogTest" time="0.034">
		</testcase>
		<testcase name="test_resolution_report_warns_on_missing_playable_iso_scene" classname="MissionSceneResolverCatalogTest" time="0.044">
		</testcase>
	</testsuite>
</testsuites>
